INFO:root:Connect with result code 0
INFO:root:OT9000-1 Connected!
INFO:root:OT9000-1 Subscribed to /heartbeat
INFO:root:OT9000-1 Subscribed to /global
INFO:root:OT9000-1 Subscribed to /OT9000-1
INFO:root:Connect with result code 0
INFO:root:OT9000-1 Connected!
INFO:root:OT9000-1 Subscribed to /heartbeat
INFO:root:OT9000-1 Subscribed to /global
INFO:root:OT9000-1 Subscribed to /OT9000-1
INFO:root:Connect with result code 0
INFO:root:OT9000-1 Connected!
INFO:root:OT9000-1 Subscribed to /heartbeat
INFO:root:OT9000-1 Subscribed to /global
INFO:root:OT9000-1 Subscribed to /OT9000-1
INFO:root:Connect with result code 0
INFO:root:OT9000-1 Connected!
INFO:root:OT9000-1 Subscribed to /heartbeat
INFO:root:OT9000-1 Subscribed to /global
INFO:root:OT9000-1 Subscribed to /OT9000-1
INFO:root:Connect with result code 0
INFO:root:OT9000-1 Connected!
INFO:root:OT9000-1 Subscribed to /heartbeat
INFO:root:OT9000-1 Subscribed to /global
INFO:root:OT9000-1 Subscribed to /OT9000-1
INFO:root:Connect with result code 0
INFO:root:OT9000-1 Connected!
INFO:root:OT9000-1 Subscribed to /heartbeat
INFO:root:OT9000-1 Subscribed to /global
INFO:root:OT9000-1 Subscribed to /OT9000-1
INFO:root:Connect with result code 0
INFO:root:OT9000-1 Connected!
INFO:root:OT9000-1 Subscribed to /heartbeat
INFO:root:OT9000-1 Subscribed to /global
INFO:root:OT9000-1 Subscribed to /OT9000-1
INFO:root:Connect with result code 0
INFO:root:OT9000-1 Connected!
INFO:root:OT9000-1 Subscribed to /heartbeat
INFO:root:OT9000-1 Subscribed to /global
INFO:root:OT9000-1 Subscribed to /OT9000-1
INFO:root:Connect with result code 0
INFO:root:OT9000-1 Connected!
INFO:root:OT9000-1 Subscribed to /heartbeat
INFO:root:OT9000-1 Subscribed to /global
INFO:root:OT9000-1 Subscribed to /OT9000-1
INFO:root:Connect with result code 0
INFO:root:OT9000-1 Connected!
INFO:root:OT9000-1 Subscribed to /heartbeat
INFO:root:OT9000-1 Subscribed to /global
INFO:root:OT9000-1 Subscribed to /OT9000-1
INFO:root:Connect with result code 0
INFO:root:OT9000-1 Connected!
INFO:root:OT9000-1 Subscribed to /heartbeat
INFO:root:OT9000-1 Subscribed to /global
INFO:root:OT9000-1 Subscribed to /OT9000-1
INFO:root:Connect with result code 0
INFO:root:OT9000-1 Connected!
INFO:root:OT9000-1 Subscribed to /heartbeat
INFO:root:OT9000-1 Subscribed to /global
INFO:root:OT9000-1 Subscribed to /OT9000-1
INFO:root:Connect with result code 0
INFO:root:OT9000-1 Connected!
INFO:root:OT9000-1 Subscribed to /heartbeat
INFO:root:OT9000-1 Subscribed to /global
INFO:root:OT9000-1 Subscribed to /OT9000-1
INFO:root:Connect with result code 0
INFO:root:OT9000-1 Connected!
INFO:root:OT9000-1 Subscribed to /heartbeat
INFO:root:OT9000-1 Subscribed to /global
INFO:root:OT9000-1 Subscribed to /OT9000-1
