#
# There is insufficient memory for the Java Runtime Environment to continue.
# Native memory allocation (malloc) failed to allocate 255920 bytes for Chunk::new
# Possible reasons:
#   The system is out of physical RAM or swap space
#   In 32 bit mode, the process size limit was hit
# Possible solutions:
#   Reduce memory load on the system
#   Increase physical memory or swap space
#   Check if swap backing store is full
#   Use 64 bit Java on a 64 bit OS
#   Decrease Java heap size (-Xmx/-Xms)
#   Decrease number of Java threads
#   Decrease Java thread stack sizes (-Xss)
#   Set larger code cache with -XX:ReservedCodeCacheSize=
# This output file may be truncated or incomplete.
#
#  Out of Memory Error (allocation.cpp:390), pid=11720, tid=13364
#
# JRE version: Java(TM) SE Runtime Environment (8.0_45-b14) (build 1.8.0_45-b14)
# Java VM: Java HotSpot(TM) 64-Bit Server VM (25.45-b02 mixed mode windows-amd64 compressed oops)
# Failed to write core dump. Minidumps are not enabled by default on client versions of Windows
#

---------------  T H R E A D  ---------------

Current thread (0x00000000164f7800):  JavaThread "C2 CompilerThread1" daemon [_thread_in_native, id=13364, stack(0x0000000016a90000,0x0000000016b90000)]

Stack: [0x0000000016a90000,0x0000000016b90000]
Native frames: (J=compiled Java code, j=interpreted, Vv=VM code, C=native code)
V  [jvm.dll+0x32b57a]
V  [jvm.dll+0x279873]
V  [jvm.dll+0x27a509]
V  [jvm.dll+0x271825]
V  [jvm.dll+0xcb9e2]
V  [jvm.dll+0xcbeac]
V  [jvm.dll+0x464342]
V  [jvm.dll+0x4d9490]
V  [jvm.dll+0x4dc0a8]
V  [jvm.dll+0x46a551]
V  [jvm.dll+0x46cd52]
V  [jvm.dll+0x4500f2]
V  [jvm.dll+0xa4352]
V  [jvm.dll+0xa4c8f]
V  [jvm.dll+0x241984]
V  [jvm.dll+0x29853a]
C  [msvcr100.dll+0x21d9f]
C  [msvcr100.dll+0x21e3b]
C  [kernel32.dll+0x15a4d]
C  [ntdll.dll+0x2b831]


Current CompileTask:
C2:  13561 2011       4       com.android.dx.ssa.back.FirstFitLocalCombiningAllocator::handleNormalUnassociated (99 bytes)


---------------  P R O C E S S  ---------------

Java Threads: ( => current thread )
  0x0000000016566800 JavaThread "Service Thread" daemon [_thread_blocked, id=13380, stack(0x0000000016f10000,0x0000000017010000)]
  0x00000000164f8000 JavaThread "C1 CompilerThread2" daemon [_thread_blocked, id=13368, stack(0x0000000017020000,0x0000000017120000)]
=>0x00000000164f7800 JavaThread "C2 CompilerThread1" daemon [_thread_in_native, id=13364, stack(0x0000000016a90000,0x0000000016b90000)]
  0x00000000164f4800 JavaThread "C2 CompilerThread0" daemon [_thread_in_native, id=13360, stack(0x0000000016e00000,0x0000000016f00000)]
  0x0000000015104000 JavaThread "Attach Listener" daemon [_thread_blocked, id=13356, stack(0x0000000016c50000,0x0000000016d50000)]
  0x0000000015101800 JavaThread "Signal Dispatcher" daemon [_thread_blocked, id=13352, stack(0x0000000016970000,0x0000000016a70000)]
  0x00000000150a7800 JavaThread "Finalizer" daemon [_thread_blocked, id=5752, stack(0x00000000162b0000,0x00000000163b0000)]
  0x00000000150a0800 JavaThread "Reference Handler" daemon [_thread_blocked, id=6316, stack(0x00000000163f0000,0x00000000164f0000)]
  0x000000000240e800 JavaThread "main" [_thread_in_Java, id=6480, stack(0x0000000002430000,0x0000000002530000)]

Other Threads:
  0x000000001509b000 VMThread [stack: 0x00000000161a0000,0x00000000162a0000] [id=12512]
  0x000000001657b000 WatcherThread [stack: 0x0000000017180000,0x0000000017280000] [id=13384]

VM state:not at safepoint (normal execution)

VM Mutex/Monitor currently owned by a thread: None

Heap:
 PSYoungGen      total 139776K, used 55032K [0x00000000eab00000, 0x00000000f3e00000, 0x0000000100000000)
  eden space 129024K, 34% used [0x00000000eab00000,0x00000000ed6403f8,0x00000000f2900000)
  from space 10752K, 99% used [0x00000000f3380000,0x00000000f3dfdc88,0x00000000f3e00000)
  to   space 10752K, 0% used [0x00000000f2900000,0x00000000f2900000,0x00000000f3380000)
 ParOldGen       total 172032K, used 9584K [0x00000000c0000000, 0x00000000ca800000, 0x00000000eab00000)
  object space 172032K, 5% used [0x00000000c0000000,0x00000000c095c028,0x00000000ca800000)
 Metaspace       used 6242K, capacity 7152K, committed 7296K, reserved 1056768K
  class space    used 588K, capacity 616K, committed 640K, reserved 1048576K

Card table byte_map: [0x0000000011c90000,0x0000000011ea0000] byte_map_base: 0x0000000011690000

Marking Bits: (ParMarkBitMap*) 0x0000000050834040
 Begin Bits: [0x0000000012510000, 0x0000000013510000)
 End Bits:   [0x0000000013510000, 0x0000000014510000)

Polling page: 0x0000000000130000

CodeCache: size=245760Kb used=10242Kb max_used=10265Kb free=235517Kb
 bounds [0x00000000028d0000, 0x00000000032e0000, 0x00000000118d0000]
 total_blobs=2263 nmethods=1991 adapters=182
 compilation: disabled (not enough contiguous free space left)

Compilation events (10 events):
Event: 13.136 Thread 0x00000000164f7800 nmethod 2008 0x00000000032d32d0 code [0x00000000032d3480, 0x00000000032d3be8]
Event: 13.145 Thread 0x00000000164f8000 2010       3       java.util.concurrent.locks.AbstractQueuedSynchronizer::enq (58 bytes)
Event: 13.146 Thread 0x00000000164f8000 nmethod 2010 0x00000000032c1c50 code [0x00000000032c1de0, 0x00000000032c2310]
Event: 13.178 Thread 0x00000000164f4800 nmethod 2007 0x00000000032d6950 code [0x00000000032d6b20, 0x00000000032d78f8]
Event: 13.194 Thread 0x00000000164f7800 2011       4       com.android.dx.ssa.back.FirstFitLocalCombiningAllocator::handleNormalUnassociated (99 bytes)
Event: 13.197 Thread 0x00000000164f8000 2012       3       com.android.dx.ssa.back.IdenticalBlockCombiner::replaceSucc (83 bytes)
Event: 13.208 Thread 0x00000000164f8000 nmethod 2012 0x00000000032d5650 code [0x00000000032d5840, 0x00000000032d6558]
Event: 13.211 Thread 0x00000000164f4800 2013       4       com.android.dx.ssa.SCCP::<init> (142 bytes)
Event: 13.221 Thread 0x00000000164f4800 nmethod 2013 0x00000000032d48d0 code [0x00000000032d4a80, 0x00000000032d52d8]
Event: 13.221 Thread 0x00000000164f4800 2014  s    4       com.android.dx.dex.file.MethodIdsSection::intern (55 bytes)

GC Heap History (4 events):
Event: 4.521 GC heap before
{Heap before GC invocations=1 (full 0):
 PSYoungGen      total 75264K, used 64512K [0x00000000eab00000, 0x00000000eff00000, 0x0000000100000000)
  eden space 64512K, 100% used [0x00000000eab00000,0x00000000eea00000,0x00000000eea00000)
  from space 10752K, 0% used [0x00000000ef480000,0x00000000ef480000,0x00000000eff00000)
  to   space 10752K, 0% used [0x00000000eea00000,0x00000000eea00000,0x00000000ef480000)
 ParOldGen       total 172032K, used 0K [0x00000000c0000000, 0x00000000ca800000, 0x00000000eab00000)
  object space 172032K, 0% used [0x00000000c0000000,0x00000000c0000000,0x00000000ca800000)
 Metaspace       used 5993K, capacity 7024K, committed 7296K, reserved 1056768K
  class space    used 580K, capacity 616K, committed 640K, reserved 1048576K
Event: 4.923 GC heap after
Heap after GC invocations=1 (full 0):
 PSYoungGen      total 75264K, used 10742K [0x00000000eab00000, 0x00000000f3e00000, 0x0000000100000000)
  eden space 64512K, 0% used [0x00000000eab00000,0x00000000eab00000,0x00000000eea00000)
  from space 10752K, 99% used [0x00000000eea00000,0x00000000ef47d830,0x00000000ef480000)
  to   space 10752K, 0% used [0x00000000f3380000,0x00000000f3380000,0x00000000f3e00000)
 ParOldGen       total 172032K, used 734K [0x00000000c0000000, 0x00000000ca800000, 0x00000000eab00000)
  object space 172032K, 0% used [0x00000000c0000000,0x00000000c00b7b48,0x00000000ca800000)
 Metaspace       used 5993K, capacity 7024K, committed 7296K, reserved 1056768K
  class space    used 580K, capacity 616K, committed 640K, reserved 1048576K
}
Event: 9.498 GC heap before
{Heap before GC invocations=2 (full 0):
 PSYoungGen      total 75264K, used 75254K [0x00000000eab00000, 0x00000000f3e00000, 0x0000000100000000)
  eden space 64512K, 100% used [0x00000000eab00000,0x00000000eea00000,0x00000000eea00000)
  from space 10752K, 99% used [0x00000000eea00000,0x00000000ef47d830,0x00000000ef480000)
  to   space 10752K, 0% used [0x00000000f3380000,0x00000000f3380000,0x00000000f3e00000)
 ParOldGen       total 172032K, used 734K [0x00000000c0000000, 0x00000000ca800000, 0x00000000eab00000)
  object space 172032K, 0% used [0x00000000c0000000,0x00000000c00b7b48,0x00000000ca800000)
 Metaspace       used 6073K, capacity 7088K, committed 7296K, reserved 1056768K
  class space    used 581K, capacity 616K, committed 640K, reserved 1048576K
Event: 9.681 GC heap after
Heap after GC invocations=2 (full 0):
 PSYoungGen      total 139776K, used 10743K [0x00000000eab00000, 0x00000000f3e00000, 0x0000000100000000)
  eden space 129024K, 0% used [0x00000000eab00000,0x00000000eab00000,0x00000000f2900000)
  from space 10752K, 99% used [0x00000000f3380000,0x00000000f3dfdc88,0x00000000f3e00000)
  to   space 10752K, 0% used [0x00000000f2900000,0x00000000f2900000,0x00000000f3380000)
 ParOldGen       total 172032K, used 9584K [0x00000000c0000000, 0x00000000ca800000, 0x00000000eab00000)
  object space 172032K, 5% used [0x00000000c0000000,0x00000000c095c028,0x00000000ca800000)
 Metaspace       used 6073K, capacity 7088K, committed 7296K, reserved 1056768K
  class space    used 581K, capacity 616K, committed 640K, reserved 1048576K
}

Deoptimization events (10 events):
Event: 9.721 Thread 0x00000000167f0800 Uncommon trap: reason=class_check action=maybe_recompile pc=0x0000000003077f80 method=com.android.dx.cf.code.RopperMachine.run(Lcom/android/dx/cf/code/Frame;II)V @ 988
Event: 9.721 Thread 0x00000000167f0800 Uncommon trap: reason=class_check action=maybe_recompile pc=0x0000000003077f80 method=com.android.dx.cf.code.RopperMachine.run(Lcom/android/dx/cf/code/Frame;II)V @ 988
Event: 9.722 Thread 0x00000000167f0800 Uncommon trap: reason=class_check action=maybe_recompile pc=0x0000000003077f80 method=com.android.dx.cf.code.RopperMachine.run(Lcom/android/dx/cf/code/Frame;II)V @ 988
Event: 10.096 Thread 0x00000000167f0800 Uncommon trap: reason=bimorphic action=maybe_recompile pc=0x0000000003192e30 method=com.android.dx.cf.code.BytecodeArray.parseInstruction(ILcom/android/dx/cf/code/BytecodeArray$Visitor;)I @ 2135
Event: 10.097 Thread 0x00000000167f0800 Uncommon trap: reason=bimorphic action=maybe_recompile pc=0x0000000003192e30 method=com.android.dx.cf.code.BytecodeArray.parseInstruction(ILcom/android/dx/cf/code/BytecodeArray$Visitor;)I @ 2135
Event: 10.097 Thread 0x00000000167f0800 Uncommon trap: reason=unstable_if action=reinterpret pc=0x000000000311e748 method=com.android.dx.ssa.LiteralOpUpgrader$1.visitNonMoveInsn(Lcom/android/dx/ssa/NormalSsaInsn;)V @ 151
Event: 10.097 Thread 0x00000000167f0800 Uncommon trap: reason=unstable_if action=reinterpret pc=0x00000000030447a4 method=com.android.dx.dex.code.RopTranslator.getRegs(Lcom/android/dx/rop/code/Insn;Lcom/android/dx/rop/code/RegisterSpec;)Lcom/android/dx/rop/code/RegisterSpecList; @ 12
Event: 10.607 Thread 0x00000000167f0800 Uncommon trap: reason=unstable_if action=reinterpret pc=0x00000000031b7a78 method=com.android.dx.cf.code.ExecutionStack.<init>(I)V @ 2
Event: 10.608 Thread 0x00000000167f0800 Uncommon trap: reason=unstable_if action=reinterpret pc=0x00000000030980e4 method=com.android.dx.cf.code.ExecutionStack.<init>(I)V @ 2
Event: 12.847 Thread 0x000000001679c000 Uncommon trap: reason=unstable_if action=reinterpret pc=0x000000000324cb00 method=com.android.dx.cf.code.BytecodeArray.parseInstruction(ILcom/android/dx/cf/code/BytecodeArray$Visitor;)I @ 1198

Internal exceptions (2 events):
Event: 0.056 Thread 0x000000000240e800 Exception <a 'java/lang/NoSuchMethodError': Method sun.misc.Unsafe.defineClass(Ljava/lang/String;[BII)Ljava/lang/Class; name or signature does not match> (0x00000000eab0dac0) thrown at [C:\re\workspace\8-2-build-windows-amd64-cygwin\jdk8u45\3457\hotspot\sr&üÿåŸ¬?
Event: 0.056 Thread 0x000000000240e800 Exception <a 'java/lang/NoSuchMethodError': Method sun.misc.Unsafe.prefetchRead(Ljava/lang/Object;J)V name or signature does not match> (0x00000000eab0dd50) thrown at [C:\re\workspace\8-2-build-windows-amd64-cygwin\jdk8u45\3457\hotspot\src\share\vm\prims\j

Events (10 events):
Event: 10.097 Thread 0x00000000167f0800 DEOPT UNPACKING pc=0x000000000291582a sp=0x00000000177ce648 mode 2
Event: 10.607 Thread 0x00000000167f0800 Uncommon trap: trap_request=0xffffff65 fr.pc=0x00000000031b7a78
Event: 10.607 Thread 0x00000000167f0800 DEOPT PACKING pc=0x00000000031b7a78 sp=0x00000000177ce880
Event: 10.607 Thread 0x00000000167f0800 DEOPT UNPACKING pc=0x000000000291582a sp=0x00000000177ce820 mode 2
Event: 10.608 Thread 0x00000000167f0800 Uncommon trap: trap_request=0xffffff65 fr.pc=0x00000000030980e4
Event: 10.608 Thread 0x00000000167f0800 DEOPT PACKING pc=0x00000000030980e4 sp=0x00000000177ce850
Event: 10.608 Thread 0x00000000167f0800 DEOPT UNPACKING pc=0x000000000291582a sp=0x00000000177ce6d8 mode 2
Event: 12.847 Thread 0x000000001679c000 Uncommon trap: trap_request=0xffffff65 fr.pc=0x000000000324cb00
Event: 12.847 Thread 0x000000001679c000 DEOPT PACKING pc=0x000000000324cb00 sp=0x000000001794eaa0
Event: 12.848 Thread 0x000000001679c000 DEOPT UNPACKING pc=0x000000000291582a sp=0x000000001794ea78 mode 2


Dynamic libraries:
0x000000013f2f0000 - 0x000000013f327000 	C:\Program Files\Java\jdk1.8.0_45\bin\java.exe
0x0000000076df0000 - 0x0000000076f99000 	C:\windows\SYSTEM32\ntdll.dll
0x0000000076cd0000 - 0x0000000076def000 	C:\windows\system32\kernel32.dll
0x000007fefce50000 - 0x000007fefcebc000 	C:\windows\system32\KERNELBASE.dll
0x000007fefddd0000 - 0x000007fefdeab000 	C:\windows\system32\ADVAPI32.dll
0x000007fefe7f0000 - 0x000007fefe88f000 	C:\windows\system32\msvcrt.dll
0x000007fefe3e0000 - 0x000007fefe3ff000 	C:\windows\SYSTEM32\sechost.dll
0x000007fefe690000 - 0x000007fefe7bd000 	C:\windows\system32\RPCRT4.dll
0x0000000076bd0000 - 0x0000000076cca000 	C:\windows\system32\USER32.dll
0x000007fefe890000 - 0x000007fefe8f7000 	C:\windows\system32\GDI32.dll
0x000007fefded0000 - 0x000007fefdede000 	C:\windows\system32\LPK.dll
0x000007fefef90000 - 0x000007feff059000 	C:\windows\system32\USP10.dll
0x000007fefbc00000 - 0x000007fefbdf4000 	C:\windows\WinSxS\amd64_microsoft.windows.common-controls_6595b64144ccf1df_6.0.7601.18837_none_fa3b1e3d17594757\COMCTL32.dll
0x000007fefe090000 - 0x000007fefe101000 	C:\windows\system32\SHLWAPI.dll
0x000007fefe7c0000 - 0x000007fefe7ee000 	C:\windows\system32\IMM32.DLL
0x000007fefdee0000 - 0x000007fefdfe9000 	C:\windows\system32\MSCTF.dll
0x000007fefcb60000 - 0x000007fefcb91000 	C:\Windows\system32\nvinitx.dll
0x0000000078a70000 - 0x0000000078b42000 	C:\Program Files\Java\jdk1.8.0_45\jre\bin\msvcr100.dll
0x0000000050030000 - 0x00000000508b3000 	C:\Program Files\Java\jdk1.8.0_45\jre\bin\server\jvm.dll
0x000007fef7fe0000 - 0x000007fef7fe9000 	C:\windows\system32\WSOCK32.dll
0x000007fefdd80000 - 0x000007fefddcd000 	C:\windows\system32\WS2_32.dll
0x000007fefe2f0000 - 0x000007fefe2f8000 	C:\windows\system32\NSI.dll
0x000007fef8f60000 - 0x000007fef8f9b000 	C:\windows\system32\WINMM.dll
0x000007fefb920000 - 0x000007fefb92c000 	C:\windows\system32\VERSION.dll
0x0000000076fb0000 - 0x0000000076fb7000 	C:\windows\system32\PSAPI.DLL
0x0000000073710000 - 0x000000007371f000 	C:\Program Files\Java\jdk1.8.0_45\jre\bin\verify.dll
0x0000000050f70000 - 0x0000000050f99000 	C:\Program Files\Java\jdk1.8.0_45\jre\bin\java.dll
0x0000000050fb0000 - 0x0000000050fc6000 	C:\Program Files\Java\jdk1.8.0_45\jre\bin\zip.dll
0x000007fefcff0000 - 0x000007fefdd79000 	C:\windows\system32\SHELL32.dll
0x000007fefe900000 - 0x000007fefeb03000 	C:\windows\system32\ole32.dll
0x000007fefcc30000 - 0x000007fefcc3f000 	C:\windows\system32\profapi.dll
0x000007fef2ac0000 - 0x000007fef2be5000 	C:\windows\system32\dbghelp.dll

VM Arguments:
jvm_args: -Xmx1024M -Dfile.encoding=windows-1252 -Duser.country=US -Duser.language=en -Duser.variant 
java_command: com.android.dx.command.Main --dex --num-threads=4 --output C:\Users\kclark\AndroidStudioProjects\OTIOTService\app\build\intermediates\pre-dexed\debug\classes-2584f18c8ffeeb7b847b36c4b9783c114a0a9300.jar C:\Users\kclark\AndroidStudioProjects\OTIOTService\app\build\intermediates\exploded-aar\com.google.android.gms\play-services-fitness\7.5.0\jars\classes.jar
java_class_path (initial): C:\Users\kclark\AppData\Local\Android\sdk1\build-tools\23.0.0\lib\dx.jar
Launcher Type: SUN_STANDARD

Environment Variables:
JAVA_HOME=C:\Program Files\Java\jdk1.8.0_45
PATH=C:\Program Files\Common Files\Microsoft Shared\Windows Live;C:\Program Files (x86)\Common Files\Microsoft Shared\Windows Live;C:\ProgramData\Oracle\Java\javapath;C:\PROGRAM FILES (X86)\INTEL\ICLS CLIENT\;C:\PROGRAM FILES\INTEL\ICLS CLIENT\;C:\windows\SYSTEM32;C:\windows;C:\windows\SYSTEM32\WBEM;C:\windows\SYSTEM32\WINDOWSPOWERSHELL\V1.0\;;C:\PROGRAM FILES (X86)\INTEL\OPENCL SDK\2.0\BIN\X86;C:\PROGRAM FILES (X86)\INTEL\OPENCL SDK\2.0\BIN\X64;C:\PROGRAM FILES\INTEL\INTEL(R) MANAGEMENT ENGINE COMPONENTS\DAL;C:\PROGRAM FILES\INTEL\INTEL(R) MANAGEMENT ENGINE COMPONENTS\IPT;C:\PROGRAM FILES (X86)\INTEL\INTEL(R) MANAGEMENT ENGINE COMPONENTS\DAL;C:\PROGRAM FILES (X86)\INTEL\INTEL(R) MANAGEMENT ENGINE COMPONENTS\IPT;C:\Program Files\ThinkPad\Bluetooth Software\;C:\Program Files\ThinkPad\Bluetooth Software\syswow64;C:\Program Files\Intel\Intel(R) Management Engine Components\DAL;C:\Program Files\Intel\Intel(R) Management Engine Components\IPT;C:\Program Files (x86)\Intel\Intel(R) Management Engine Components\DAL;C:\Program Files (x86)\Intel\Intel(R) Management Engine Components\IPT;C:\Program Files\Intel\WiFi\bin\;C:\Program Files\Common Files\Intel\WirelessCommon\;C:\Program Files (x86)\Shoreline Communications\ShoreWare Client\;C:\Program Files (x86)\Intel\OpenCL SDK\3.0\bin\x86;C:\Program Files (x86)\Intel\OpenCL SDK\3.0\bin\x64;C:\Program Files (x86)\Skype\Phone\;C:\Program Files (x86)\MySQL\MySQL Fabric 1.5.4 & MySQL Utilities 1.5.4 1.5\;C:\Program Files (x86)\MySQL\MySQL Fabric 1.5.4 & MySQL Utilities 1.5.4 1.5\Doctrine extensions for PHP\;C:\Program Files\cURL\bin;C:\Program Files\nodejs\;C:\Program Files (x86)\Windows Live\Shared;%JAVA_HOME%;%JAVA_HOME%\bin;C:\Program Files (x86)\GnuWin32\bin;C:\Program Files\Intel\WiFi\bin\;C:\Program Files\Common Files\Intel\WirelessCommon\;C:\Users\kclark\AppData\Roaming\npm;C:\Program Files (x86)\Nmap;C:\Program Files\Java\jdk1.8.0_45;C:\Program Files\Java\jdk1.8.0_45\bin
USERNAME=kclark
OS=Windows_NT
PROCESSOR_IDENTIFIER=Intel64 Family 6 Model 58 Stepping 9, GenuineIntel



---------------  S Y S T E M  ---------------

OS: Windows 7 , 64 bit Build 7601 (6.1.7601.18933)

CPU:total 4 (2 cores per cpu, 2 threads per core) family 6 model 58 stepping 9, cmov, cx8, fxsr, mmx, sse, sse2, sse3, ssse3, sse4.1, sse4.2, popcnt, avx, aes, clmul, erms, ht, tsc, tscinvbit, tscinv

Memory: 4k page, physical 16466732k(4777952k free), swap 17513468k(450264k free)

vm_info: Java HotSpot(TM) 64-Bit Server VM (25.45-b02) for windows-amd64 JRE (1.8.0_45-b14), built on Apr 10 2015 10:34:15 by "java_re" with MS VC++ 10.0 (VS2010)

time: Mon Sep 07 17:21:22 2015
elapsed time: 13 seconds (0d 0h 0m 13s)

