#
# A fatal error has been detected by the Java Runtime Environment:
#
#  Internal Error (0xc06d007e), pid=13880, tid=14032
#
# JRE version:  (8.0_45-b14) (build )
# Java VM: Java HotSpot(TM) 64-Bit Server VM (25.45-b02 mixed mode windows-amd64 compressed oops)
# Problematic frame:
# C  [KERNELBASE.dll+0xb3dd]
#
# Failed to write core dump. Minidumps are not enabled by default on client versions of Windows
#
# If you would like to submit a bug report, please visit:
#   http://bugreport.java.com/bugreport/crash.jsp
# The crash happened outside the Java Virtual Machine in native code.
# See problematic frame for where to report the bug.
#

---------------  T H R E A D  ---------------

Current thread (0x000000000243e800):  JavaThread "main" [_thread_in_native, id=14032, stack(0x0000000002650000,0x0000000002750000)]

siginfo: ExceptionCode=0xc06d007e, ExceptionInformation=0x000000000274e800 

Registers:
RAX=0x00000000745c59bf, RBX=0x0000000000000000, RCX=0x000000000274e100, RDX=0x0000000000000160
RSP=0x000000000274e710, RBP=0x000000000274e858, RSI=0x0000000050f8d7ac, RDI=0x0000000000000000
R8 =0x0000000000000000, R9 =0x0000000000000000, R10=0x00000000c000012d, R11=0x000000000274e750
R12=0x0000000000000001, R13=0x0000000050f95780, R14=0x0000000050f95510, R15=0x0000000050f8d838
RIP=0x000007fefce5b3dd, EFLAGS=0x0000000000000202

Top of Stack: (sp=0x000000000274e710)
0x000000000274e710:   0000000000000000 0000000050f8d7ac
0x000000000274e720:   0000000000000000 0000000076e41768
0x000000000274e730:   00000000c06d007e 0000000000000000
0x000000000274e740:   000007fefce5b3dd 0000000000000001
0x000000000274e750:   000000000274e800 000007fefce5ca8f
0x000000000274e760:   0000000000000000 000000000274e858
0x000000000274e770:   0000000050f8d7ac 0000000000000000
0x000000000274e780:   0000000000000000 0000000000000000
0x000000000274e790:   00000000000c000b 0000000050f8caa0
0x000000000274e7a0:   0000000000000000 0000000076ce65c4
0x000000000274e7b0:   0000000050f8caa0 0000000078ac4e7e
0x000000000274e7c0:   0000000050f8b68c 0000000078a95695
0x000000000274e7d0:   0000000000000000 0000000050f88507
0x000000000274e7e0:   0000000000000040 0000000000000000
0x000000000274e7f0:   0000000000000001 0000000078ac38a8
0x000000000274e800:   0000000000000048 0000000050f8d7ac 

Instructions: (pc=0x000007fefce5b3dd)
0x000007fefce5b3bd:   54 24 24 48 89 4c 24 28 4d 85 c9 0f 85 aa 06 00
0x000007fefce5b3cd:   00 89 4c 24 38 48 8d 4c 24 20 ff 15 c3 fe 03 00
0x000007fefce5b3dd:   48 81 c4 c8 00 00 00 c3 48 85 f6 74 08 83 3b 00
0x000007fefce5b3ed:   76 03 66 89 16 bd 01 00 00 00 3b fd 0f 84 d6 02 


Register to memory mapping:

RAX=0x00000000745c59bf is an unknown value
RBX=0x0000000000000000 is an unknown value
RCX=0x000000000274e100 is pointing into the stack for thread: 0x000000000243e800
RDX=0x0000000000000160 is an unknown value
RSP=0x000000000274e710 is pointing into the stack for thread: 0x000000000243e800
RBP=0x000000000274e858 is pointing into the stack for thread: 0x000000000243e800
RSI=0x0000000050f8d7ac is an unknown value
RDI=0x0000000000000000 is an unknown value
R8 =0x0000000000000000 is an unknown value
R9 =0x0000000000000000 is an unknown value
R10=
[error occurred during error reporting (printing register info), id 0xc0000005]

Stack: [0x0000000002650000,0x0000000002750000],  sp=0x000000000274e710,  free space=1017k
Native frames: (J=compiled Java code, j=interpreted, Vv=VM code, C=native code)
C  [KERNELBASE.dll+0xb3dd]

Java frames: (J=compiled Java code, j=interpreted, Vv=VM code)
j  java.lang.System.initProperties(Ljava/util/Properties;)Ljava/util/Properties;+0
j  java.lang.System.initializeSystemClass()V+13
v  ~StubRoutines::call_stub

---------------  P R O C E S S  ---------------

Java Threads: ( => current thread )
  0x0000000015372000 JavaThread "Finalizer" daemon [_thread_blocked, id=14076, stack(0x0000000016770000,0x0000000016870000)]
  0x0000000015370800 JavaThread "Reference Handler" daemon [_thread_blocked, id=14072, stack(0x0000000016670000,0x0000000016770000)]
=>0x000000000243e800 JavaThread "main" [_thread_in_native, id=14032, stack(0x0000000002650000,0x0000000002750000)]

Other Threads:
  0x000000001536b000 VMThread [stack: 0x0000000016480000,0x0000000016580000] [id=14068]

VM state:not at safepoint (normal execution)

VM Mutex/Monitor currently owned by a thread: None

Heap:
 PSYoungGen      total 75264K, used 2580K [0x00000000eab00000, 0x00000000eff00000, 0x0000000100000000)
  eden space 64512K, 4% used [0x00000000eab00000,0x00000000ead852a0,0x00000000eea00000)
  from space 10752K, 0% used [0x00000000ef480000,0x00000000ef480000,0x00000000eff00000)
  to   space 10752K, 0% used [0x00000000eea00000,0x00000000eea00000,0x00000000ef480000)
 ParOldGen       total 172032K, used 0K [0x00000000c0000000, 0x00000000ca800000, 0x00000000eab00000)
  object space 172032K, 0% used [0x00000000c0000000,0x00000000c0000000,0x00000000ca800000)
 Metaspace       used 957K, capacity 4480K, committed 4480K, reserved 1056768K
  class space    used 99K, capacity 384K, committed 384K, reserved 1048576K

Card table byte_map: [0x0000000011de0000,0x0000000011ff0000] byte_map_base: 0x00000000117e0000

Marking Bits: (ParMarkBitMap*) 0x0000000050834040
 Begin Bits: [0x00000000127e0000, 0x00000000137e0000)
 End Bits:   [0x00000000137e0000, 0x00000000147e0000)

Polling page: 0x0000000000230000

CodeCache: size=245760Kb used=402Kb max_used=402Kb free=245358Kb
 bounds [0x0000000002a20000, 0x0000000002c90000, 0x0000000011a20000]
 total_blobs=99 nmethods=0 adapters=73
 compilation: enabled

Compilation events (0 events):
No events

GC Heap History (0 events):
No events

Deoptimization events (0 events):
No events

Internal exceptions (0 events):
No events

Events (10 events):
Event: 1.392 loading class java/lang/ref/Finalizer$FinalizerThread done
Event: 1.564 Thread 0x0000000015372000 Thread added: 0x0000000015372000
Event: 1.577 loading class sun/misc/VM
Event: 1.577 loading class java/util/Hashtable$Entry
Event: 1.577 loading class java/util/Map$Entry
Event: 1.577 loading class sun/misc/VM done
Event: 1.577 loading class java/util/Map$Entry done
Event: 1.577 loading class java/util/Hashtable$Entry done
Event: 1.577 loading class java/lang/Math
Event: 1.577 loading class java/lang/Math done


Dynamic libraries:
0x000000013f2f0000 - 0x000000013f327000 	C:\Program Files\Java\jdk1.8.0_45\bin\java.exe
0x0000000076df0000 - 0x0000000076f99000 	C:\windows\SYSTEM32\ntdll.dll
0x0000000076cd0000 - 0x0000000076def000 	C:\windows\system32\kernel32.dll
0x000007fefce50000 - 0x000007fefcebc000 	C:\windows\system32\KERNELBASE.dll
0x000007fefddd0000 - 0x000007fefdeab000 	C:\windows\system32\ADVAPI32.dll
0x000007fefe7f0000 - 0x000007fefe88f000 	C:\windows\system32\msvcrt.dll
0x000007fefe3e0000 - 0x000007fefe3ff000 	C:\windows\SYSTEM32\sechost.dll
0x000007fefe690000 - 0x000007fefe7bd000 	C:\windows\system32\RPCRT4.dll
0x0000000076bd0000 - 0x0000000076cca000 	C:\windows\system32\USER32.dll
0x000007fefe890000 - 0x000007fefe8f7000 	C:\windows\system32\GDI32.dll
0x000007fefded0000 - 0x000007fefdede000 	C:\windows\system32\LPK.dll
0x000007fefef90000 - 0x000007feff059000 	C:\windows\system32\USP10.dll
0x000007fefbc00000 - 0x000007fefbdf4000 	C:\windows\WinSxS\amd64_microsoft.windows.common-controls_6595b64144ccf1df_6.0.7601.18837_none_fa3b1e3d17594757\COMCTL32.dll
0x000007fefe090000 - 0x000007fefe101000 	C:\windows\system32\SHLWAPI.dll
0x000007fefe7c0000 - 0x000007fefe7ee000 	C:\windows\system32\IMM32.DLL
0x000007fefdee0000 - 0x000007fefdfe9000 	C:\windows\system32\MSCTF.dll
0x000007fefcb60000 - 0x000007fefcb91000 	C:\Windows\system32\nvinitx.dll
0x0000000078a70000 - 0x0000000078b42000 	C:\Program Files\Java\jdk1.8.0_45\jre\bin\msvcr100.dll
0x0000000050030000 - 0x00000000508b3000 	C:\Program Files\Java\jdk1.8.0_45\jre\bin\server\jvm.dll
0x000007fef7fe0000 - 0x000007fef7fe9000 	C:\windows\system32\WSOCK32.dll
0x000007fefdd80000 - 0x000007fefddcd000 	C:\windows\system32\WS2_32.dll
0x000007fefe2f0000 - 0x000007fefe2f8000 	C:\windows\system32\NSI.dll
0x000007fef8f60000 - 0x000007fef8f9b000 	C:\windows\system32\WINMM.dll
0x000007fefb920000 - 0x000007fefb92c000 	C:\windows\system32\VERSION.dll
0x0000000076fb0000 - 0x0000000076fb7000 	C:\windows\system32\PSAPI.DLL
0x0000000073710000 - 0x000000007371f000 	C:\Program Files\Java\jdk1.8.0_45\jre\bin\verify.dll
0x0000000050f70000 - 0x0000000050f99000 	C:\Program Files\Java\jdk1.8.0_45\jre\bin\java.dll
0x0000000050fb0000 - 0x0000000050fc6000 	C:\Program Files\Java\jdk1.8.0_45\jre\bin\zip.dll

VM Arguments:
jvm_args: -Xmx1024M -Dfile.encoding=windows-1252 -Duser.country=US -Duser.language=en -Duser.variant 
java_command: com.android.dx.command.Main --dex --num-threads=4 --output C:\Users\kclark\AndroidStudioProjects\OTIOTService\app\build\intermediates\pre-dexed\debug\classes-9c3d152456dac2d2b97648960d8f64ca5cf81d6a.jar C:\Users\kclark\AndroidStudioProjects\OTIOTService\app\build\intermediates\exploded-aar\com.google.android.gms\play-services-identity\7.5.0\jars\classes.jar
java_class_path (initial): C:\Users\kclark\AppData\Local\Android\sdk1\build-tools\23.0.0\lib\dx.jar
Launcher Type: SUN_STANDARD

Environment Variables:
JAVA_HOME=C:\Program Files\Java\jdk1.8.0_45
PATH=C:\Program Files\Common Files\Microsoft Shared\Windows Live;C:\Program Files (x86)\Common Files\Microsoft Shared\Windows Live;C:\ProgramData\Oracle\Java\javapath;C:\PROGRAM FILES (X86)\INTEL\ICLS CLIENT\;C:\PROGRAM FILES\INTEL\ICLS CLIENT\;C:\windows\SYSTEM32;C:\windows;C:\windows\SYSTEM32\WBEM;C:\windows\SYSTEM32\WINDOWSPOWERSHELL\V1.0\;;C:\PROGRAM FILES (X86)\INTEL\OPENCL SDK\2.0\BIN\X86;C:\PROGRAM FILES (X86)\INTEL\OPENCL SDK\2.0\BIN\X64;C:\PROGRAM FILES\INTEL\INTEL(R) MANAGEMENT ENGINE COMPONENTS\DAL;C:\PROGRAM FILES\INTEL\INTEL(R) MANAGEMENT ENGINE COMPONENTS\IPT;C:\PROGRAM FILES (X86)\INTEL\INTEL(R) MANAGEMENT ENGINE COMPONENTS\DAL;C:\PROGRAM FILES (X86)\INTEL\INTEL(R) MANAGEMENT ENGINE COMPONENTS\IPT;C:\Program Files\ThinkPad\Bluetooth Software\;C:\Program Files\ThinkPad\Bluetooth Software\syswow64;C:\Program Files\Intel\Intel(R) Management Engine Components\DAL;C:\Program Files\Intel\Intel(R) Management Engine Components\IPT;C:\Program Files (x86)\Intel\Intel(R) Management Engine Components\DAL;C:\Program Files (x86)\Intel\Intel(R) Management Engine Components\IPT;C:\Program Files\Intel\WiFi\bin\;C:\Program Files\Common Files\Intel\WirelessCommon\;C:\Program Files (x86)\Shoreline Communications\ShoreWare Client\;C:\Program Files (x86)\Intel\OpenCL SDK\3.0\bin\x86;C:\Program Files (x86)\Intel\OpenCL SDK\3.0\bin\x64;C:\Program Files (x86)\Skype\Phone\;C:\Program Files (x86)\MySQL\MySQL Fabric 1.5.4 & MySQL Utilities 1.5.4 1.5\;C:\Program Files (x86)\MySQL\MySQL Fabric 1.5.4 & MySQL Utilities 1.5.4 1.5\Doctrine extensions for PHP\;C:\Program Files\cURL\bin;C:\Program Files\nodejs\;C:\Program Files (x86)\Windows Live\Shared;%JAVA_HOME%;%JAVA_HOME%\bin;C:\Program Files (x86)\GnuWin32\bin;C:\Program Files\Intel\WiFi\bin\;C:\Program Files\Common Files\Intel\WirelessCommon\;C:\Users\kclark\AppData\Roaming\npm;C:\Program Files (x86)\Nmap;C:\Program Files\Java\jdk1.8.0_45;C:\Program Files\Java\jdk1.8.0_45\bin
USERNAME=kclark
OS=Windows_NT
PROCESSOR_IDENTIFIER=Intel64 Family 6 Model 58 Stepping 9, GenuineIntel



---------------  S Y S T E M  ---------------

OS: Windows 7 , 64 bit Build 7601 (6.1.7601.18933)

CPU:total 4 (2 cores per cpu, 2 threads per core) family 6 model 58 stepping 9, cmov, cx8, fxsr, mmx, sse, sse2, sse3, ssse3, sse4.1, sse4.2, popcnt, avx, aes, clmul, erms, ht, tsc, tscinvbit, tscinv

Memory: 4k page, physical 16466732k(4776176k free), swap 17513468k(450444k free)

vm_info: Java HotSpot(TM) 64-Bit Server VM (25.45-b02) for windows-amd64 JRE (1.8.0_45-b14), built on Apr 10 2015 10:34:15 by "java_re" with MS VC++ 10.0 (VS2010)

time: Mon Sep 07 17:21:21 2015
elapsed time: 1 seconds (0d 0h 0m 1s)

