#
# There is insufficient memory for the Java Runtime Environment to continue.
# Native memory allocation (malloc) failed to allocate 1796416 bytes for Chunk::new
# Possible reasons:
#   The system is out of physical RAM or swap space
#   In 32 bit mode, the process size limit was hit
# Possible solutions:
#   Reduce memory load on the system
#   Increase physical memory or swap space
#   Check if swap backing store is full
#   Use 64 bit Java on a 64 bit OS
#   Decrease Java heap size (-Xmx/-Xms)
#   Decrease number of Java threads
#   Decrease Java thread stack sizes (-Xss)
#   Set larger code cache with -XX:ReservedCodeCacheSize=
# This output file may be truncated or incomplete.
#
#  Out of Memory Error (allocation.cpp:390), pid=5752, tid=14060
#
# JRE version: Java(TM) SE Runtime Environment (8.0_45-b14) (build 1.8.0_45-b14)
# Java VM: Java HotSpot(TM) 64-Bit Server VM (25.45-b02 mixed mode windows-amd64 compressed oops)
# Failed to write core dump. Minidumps are not enabled by default on client versions of Windows
#

---------------  T H R E A D  ---------------

Current thread (0x0000000015299800):  JavaThread "C2 CompilerThread1" daemon [_thread_in_native, id=14060, stack(0x0000000016bf0000,0x0000000016cf0000)]

Stack: [0x0000000016bf0000,0x0000000016cf0000]
Native frames: (J=compiled Java code, j=interpreted, Vv=VM code, C=native code)
V  [jvm.dll+0x32b57a]
V  [jvm.dll+0x279873]
V  [jvm.dll+0x27a509]
V  [jvm.dll+0x271825]
V  [jvm.dll+0xcb9e2]
V  [jvm.dll+0xcbeac]
V  [jvm.dll+0x476ef2]
V  [jvm.dll+0x4b955f]
V  [jvm.dll+0x46bf81]
V  [jvm.dll+0x46ccbe]
V  [jvm.dll+0x4500f2]
V  [jvm.dll+0xa4352]
V  [jvm.dll+0xa4c8f]
V  [jvm.dll+0x241984]
V  [jvm.dll+0x29853a]
C  [msvcr100.dll+0x21d9f]
C  [msvcr100.dll+0x21e3b]
C  [kernel32.dll+0x15a4d]
C  [ntdll.dll+0x2b831]


Current CompileTask:
C2:  24583 2095       4       com.android.dx.dex.code.OutputFinisher::getAllConstants (47 bytes)


---------------  P R O C E S S  ---------------

Java Threads: ( => current thread )
  0x000000001529d000 JavaThread "Service Thread" daemon [_thread_blocked, id=14148, stack(0x0000000016ad0000,0x0000000016bd0000)]
  0x000000001529a800 JavaThread "C1 CompilerThread2" daemon [_thread_blocked, id=10720, stack(0x0000000016de0000,0x0000000016ee0000)]
=>0x0000000015299800 JavaThread "C2 CompilerThread1" daemon [_thread_in_native, id=14060, stack(0x0000000016bf0000,0x0000000016cf0000)]
  0x0000000015297000 JavaThread "C2 CompilerThread0" daemon [_thread_in_native, id=12160, stack(0x00000000168d0000,0x00000000169d0000)]
  0x0000000015292000 JavaThread "Attach Listener" daemon [_thread_blocked, id=4072, stack(0x00000000169d0000,0x0000000016ad0000)]
  0x000000001528f800 JavaThread "Signal Dispatcher" daemon [_thread_blocked, id=13164, stack(0x00000000165d0000,0x00000000166d0000)]
  0x0000000015232000 JavaThread "Finalizer" daemon [_thread_blocked, id=3984, stack(0x0000000016710000,0x0000000016810000)]
  0x0000000015230800 JavaThread "Reference Handler" daemon [_thread_blocked, id=14032, stack(0x0000000016460000,0x0000000016560000)]
  0x000000000218e800 JavaThread "main" [_thread_in_vm, id=11476, stack(0x00000000024b0000,0x00000000025b0000)]

Other Threads:
  0x000000001522b000 VMThread [stack: 0x0000000016270000,0x0000000016370000] [id=6824]
  0x000000001529f000 WatcherThread [stack: 0x0000000017350000,0x0000000017450000] [id=14092]

VM state:not at safepoint (normal execution)

VM Mutex/Monitor currently owned by a thread: None

Heap:
 PSYoungGen      total 139776K, used 59043K [0x00000000eab00000, 0x00000000f3e00000, 0x0000000100000000)
  eden space 129024K, 37% used [0x00000000eab00000,0x00000000eda2afb0,0x00000000f2900000)
  from space 10752K, 99% used [0x00000000f3380000,0x00000000f3dfdc88,0x00000000f3e00000)
  to   space 10752K, 0% used [0x00000000f2900000,0x00000000f2900000,0x00000000f3380000)
 ParOldGen       total 172032K, used 9571K [0x00000000c0000000, 0x00000000ca800000, 0x00000000eab00000)
  object space 172032K, 5% used [0x00000000c0000000,0x00000000c0958e88,0x00000000ca800000)
 Metaspace       used 6422K, capacity 7344K, committed 7552K, reserved 1056768K
  class space    used 599K, capacity 616K, committed 640K, reserved 1048576K

Card table byte_map: [0x0000000011c40000,0x0000000011e50000] byte_map_base: 0x0000000011640000

Marking Bits: (ParMarkBitMap*) 0x00000000701f4040
 Begin Bits: [0x00000000126a0000, 0x00000000136a0000)
 End Bits:   [0x00000000136a0000, 0x00000000146a0000)

Polling page: 0x0000000000230000

CodeCache: size=245760Kb used=10518Kb max_used=10518Kb free=235241Kb
 bounds [0x0000000002880000, 0x00000000032e0000, 0x0000000011880000]
 total_blobs=2436 nmethods=2166 adapters=182
 compilation: enabled

Compilation events (10 events):
Event: 24.554 Thread 0x000000001529a800 nmethod 2256 0x00000000029cbb90 code [0x00000000029cbd00, 0x00000000029cbe88]
Event: 24.556 Thread 0x000000001529a800 2257       2       com.android.dx.dex.code.InsnFormat::signedFitsInByte (12 bytes)
Event: 24.557 Thread 0x000000001529a800 nmethod 2257 0x0000000002a03210 code [0x0000000002a03360, 0x0000000002a034b0]
Event: 24.557 Thread 0x000000001529a800 2258       2       com.android.dx.dex.code.form.Form10t::branchFits (22 bytes)
Event: 24.557 Thread 0x000000001529a800 nmethod 2258 0x00000000029a6810 code [0x00000000029a69a0, 0x00000000029a6c98]
Event: 24.559 Thread 0x000000001529a800 2259       2       com.android.dx.dex.code.LocalList$Entry::compareTo (9 bytes)
Event: 24.560 Thread 0x000000001529a800 nmethod 2259 0x00000000029fccd0 code [0x00000000029fce40, 0x00000000029fcfe8]
Event: 24.560 Thread 0x000000001529a800 2260   !   2       com.android.dx.dex.code.LocalList$Entry::<init> (91 bytes)
Event: 24.561 Thread 0x000000001529a800 nmethod 2260 0x0000000002a3ab10 code [0x0000000002a3ace0, 0x0000000002a3b198]
Event: 24.561 Thread 0x000000001529a800 2261       2       com.android.dx.dex.code.form.Form10t::isCompatible (41 bytes)

GC Heap History (4 events):
Event: 2.526 GC heap before
{Heap before GC invocations=1 (full 0):
 PSYoungGen      total 75264K, used 64512K [0x00000000eab00000, 0x00000000eff00000, 0x0000000100000000)
  eden space 64512K, 100% used [0x00000000eab00000,0x00000000eea00000,0x00000000eea00000)
  from space 10752K, 0% used [0x00000000ef480000,0x00000000ef480000,0x00000000eff00000)
  to   space 10752K, 0% used [0x00000000eea00000,0x00000000eea00000,0x00000000ef480000)
 ParOldGen       total 172032K, used 0K [0x00000000c0000000, 0x00000000ca800000, 0x00000000eab00000)
  object space 172032K, 0% used [0x00000000c0000000,0x00000000c0000000,0x00000000ca800000)
 Metaspace       used 5971K, capacity 7088K, committed 7296K, reserved 1056768K
  class space    used 579K, capacity 616K, committed 640K, reserved 1048576K
Event: 3.034 GC heap after
Heap after GC invocations=1 (full 0):
 PSYoungGen      total 75264K, used 10740K [0x00000000eab00000, 0x00000000f3e00000, 0x0000000100000000)
  eden space 64512K, 0% used [0x00000000eab00000,0x00000000eab00000,0x00000000eea00000)
  from space 10752K, 99% used [0x00000000eea00000,0x00000000ef47d198,0x00000000ef480000)
  to   space 10752K, 0% used [0x00000000f3380000,0x00000000f3380000,0x00000000f3e00000)
 ParOldGen       total 172032K, used 474K [0x00000000c0000000, 0x00000000ca800000, 0x00000000eab00000)
  object space 172032K, 0% used [0x00000000c0000000,0x00000000c0076b00,0x00000000ca800000)
 Metaspace       used 5971K, capacity 7088K, committed 7296K, reserved 1056768K
  class space    used 579K, capacity 616K, committed 640K, reserved 1048576K
}
Event: 15.778 GC heap before
{Heap before GC invocations=2 (full 0):
 PSYoungGen      total 75264K, used 75252K [0x00000000eab00000, 0x00000000f3e00000, 0x0000000100000000)
  eden space 64512K, 100% used [0x00000000eab00000,0x00000000eea00000,0x00000000eea00000)
  from space 10752K, 99% used [0x00000000eea00000,0x00000000ef47d198,0x00000000ef480000)
  to   space 10752K, 0% used [0x00000000f3380000,0x00000000f3380000,0x00000000f3e00000)
 ParOldGen       total 172032K, used 474K [0x00000000c0000000, 0x00000000ca800000, 0x00000000eab00000)
  object space 172032K, 0% used [0x00000000c0000000,0x00000000c0076b00,0x00000000ca800000)
 Metaspace       used 6065K, capacity 7088K, committed 7296K, reserved 1056768K
  class space    used 580K, capacity 616K, committed 640K, reserved 1048576K
Event: 15.880 GC heap after
Heap after GC invocations=2 (full 0):
 PSYoungGen      total 139776K, used 10743K [0x00000000eab00000, 0x00000000f3e00000, 0x0000000100000000)
  eden space 129024K, 0% used [0x00000000eab00000,0x00000000eab00000,0x00000000f2900000)
  from space 10752K, 99% used [0x00000000f3380000,0x00000000f3dfdc88,0x00000000f3e00000)
  to   space 10752K, 0% used [0x00000000f2900000,0x00000000f2900000,0x00000000f3380000)
 ParOldGen       total 172032K, used 9571K [0x00000000c0000000, 0x00000000ca800000, 0x00000000eab00000)
  object space 172032K, 5% used [0x00000000c0000000,0x00000000c0958e88,0x00000000ca800000)
 Metaspace       used 6065K, capacity 7088K, committed 7296K, reserved 1056768K
  class space    used 580K, capacity 616K, committed 640K, reserved 1048576K
}

Deoptimization events (10 events):
Event: 19.097 Thread 0x0000000017169000 Uncommon trap: reason=unstable_if action=reinterpret pc=0x00000000030ddc04 method=com.android.dx.ssa.LiteralOpUpgrader$1.visitNonMoveInsn(Lcom/android/dx/ssa/NormalSsaInsn;)V @ 151
Event: 19.722 Thread 0x0000000017169000 Uncommon trap: reason=unstable_if action=reinterpret pc=0x00000000031693ec method=com.android.dx.cf.code.BytecodeArray.parseInstruction(ILcom/android/dx/cf/code/BytecodeArray$Visitor;)I @ 1198
Event: 19.900 Thread 0x0000000017169000 Uncommon trap: reason=unstable_if action=reinterpret pc=0x00000000031525c4 method=com.android.dx.cf.code.ExecutionStack.<init>(I)V @ 2
Event: 21.955 Thread 0x0000000017159800 Uncommon trap: reason=unstable_if action=reinterpret pc=0x0000000002fe8acc method=com.android.dx.ssa.SCCP.simulateStmt(Lcom/android/dx/ssa/SsaInsn;)V @ 59
Event: 21.956 Thread 0x0000000017159800 Uncommon trap: reason=bimorphic action=maybe_recompile pc=0x0000000002fe479c method=com.android.dx.cf.code.OneLocalsArray.set(ILcom/android/dx/rop/type/TypeBearer;)V @ 85
Event: 24.220 Thread 0x000000000218e800 Uncommon trap: reason=class_check action=maybe_recompile pc=0x0000000002cef5b8 method=java.util.Arrays.hashCode([Ljava/lang/Object;)I @ 43
Event: 24.220 Thread 0x000000000218e800 Uncommon trap: reason=class_check action=maybe_recompile pc=0x0000000002cef5b8 method=java.util.Arrays.hashCode([Ljava/lang/Object;)I @ 43
Event: 24.220 Thread 0x000000000218e800 Uncommon trap: reason=class_check action=maybe_recompile pc=0x0000000002cef5b8 method=java.util.Arrays.hashCode([Ljava/lang/Object;)I @ 43
Event: 24.220 Thread 0x000000000218e800 Uncommon trap: reason=class_check action=maybe_recompile pc=0x0000000002cef5b8 method=java.util.Arrays.hashCode([Ljava/lang/Object;)I @ 43
Event: 24.220 Thread 0x000000000218e800 Uncommon trap: reason=class_check action=maybe_recompile pc=0x0000000002ce74e8 method=java.util.Arrays.hashCode([Ljava/lang/Object;)I @ 43

Internal exceptions (2 events):
Event: 0.141 Thread 0x000000000218e800 Exception <a 'java/lang/NoSuchMethodError': Method sun.misc.Unsafe.defineClass(Ljava/lang/String;[BII)Ljava/lang/Class; name or signature does not match> (0x00000000eab0dfc0) thrown at [C:\re\workspace\8-2-build-windows-amd64-cygwin\jdk8u45\3457\hotspot\srur5üwÂ?
Event: 0.141 Thread 0x000000000218e800 Exception <a 'java/lang/NoSuchMethodError': Method sun.misc.Unsafe.prefetchRead(Ljava/lang/Object;J)V name or signature does not match> (0x00000000eab0e250) thrown at [C:\re\workspace\8-2-build-windows-amd64-cygwin\jdk8u45\3457\hotspot\src\share\vm\prims\j

Events (10 events):
Event: 24.522 Thread 0x000000000218e800 DEOPT PACKING pc=0x00000000032a397d sp=0x00000000025af000
Event: 24.522 Thread 0x000000000218e800 DEOPT UNPACKING pc=0x00000000028c787f sp=0x00000000025aed80 mode 0
Event: 24.527 Thread 0x000000000218e800 DEOPT PACKING pc=0x00000000032a4e64 sp=0x00000000025aef10
Event: 24.527 Thread 0x000000000218e800 DEOPT UNPACKING pc=0x00000000028c787f sp=0x00000000025aed60 mode 0
Event: 24.531 Thread 0x000000000218e800 DEOPT PACKING pc=0x00000000032a6f99 sp=0x00000000025af010
Event: 24.531 Thread 0x000000000218e800 DEOPT UNPACKING pc=0x00000000028c787f sp=0x00000000025aedd8 mode 0
Event: 24.535 Thread 0x000000000218e800 DEOPT PACKING pc=0x00000000032a86e7 sp=0x00000000025af030
Event: 24.535 Thread 0x000000000218e800 DEOPT UNPACKING pc=0x00000000028c787f sp=0x00000000025aee08 mode 0
Event: 24.537 Thread 0x000000000218e800 DEOPT PACKING pc=0x00000000032a9d35 sp=0x00000000025af0d0
Event: 24.537 Thread 0x000000000218e800 DEOPT UNPACKING pc=0x00000000028c787f sp=0x00000000025aee28 mode 0


Dynamic libraries:
0x000000013fc80000 - 0x000000013fcb7000 	C:\Program Files\Java\jdk1.8.0_45\bin\java.exe
0x0000000076df0000 - 0x0000000076f99000 	C:\windows\SYSTEM32\ntdll.dll
0x0000000076cd0000 - 0x0000000076def000 	C:\windows\system32\kernel32.dll
0x000007fefce50000 - 0x000007fefcebc000 	C:\windows\system32\KERNELBASE.dll
0x000007fefddd0000 - 0x000007fefdeab000 	C:\windows\system32\ADVAPI32.dll
0x000007fefe7f0000 - 0x000007fefe88f000 	C:\windows\system32\msvcrt.dll
0x000007fefe3e0000 - 0x000007fefe3ff000 	C:\windows\SYSTEM32\sechost.dll
0x000007fefe690000 - 0x000007fefe7bd000 	C:\windows\system32\RPCRT4.dll
0x0000000076bd0000 - 0x0000000076cca000 	C:\windows\system32\USER32.dll
0x000007fefe890000 - 0x000007fefe8f7000 	C:\windows\system32\GDI32.dll
0x000007fefded0000 - 0x000007fefdede000 	C:\windows\system32\LPK.dll
0x000007fefef90000 - 0x000007feff059000 	C:\windows\system32\USP10.dll
0x000007fefbc00000 - 0x000007fefbdf4000 	C:\windows\WinSxS\amd64_microsoft.windows.common-controls_6595b64144ccf1df_6.0.7601.18837_none_fa3b1e3d17594757\COMCTL32.dll
0x000007fefe090000 - 0x000007fefe101000 	C:\windows\system32\SHLWAPI.dll
0x000007fefe7c0000 - 0x000007fefe7ee000 	C:\windows\system32\IMM32.DLL
0x000007fefdee0000 - 0x000007fefdfe9000 	C:\windows\system32\MSCTF.dll
0x000007fefcb60000 - 0x000007fefcb91000 	C:\Windows\system32\nvinitx.dll
0x0000000050360000 - 0x0000000050432000 	C:\Program Files\Java\jdk1.8.0_45\jre\bin\msvcr100.dll
0x000000006f9f0000 - 0x0000000070273000 	C:\Program Files\Java\jdk1.8.0_45\jre\bin\server\jvm.dll
0x000007fef7fe0000 - 0x000007fef7fe9000 	C:\windows\system32\WSOCK32.dll
0x000007fefdd80000 - 0x000007fefddcd000 	C:\windows\system32\WS2_32.dll
0x000007fefe2f0000 - 0x000007fefe2f8000 	C:\windows\system32\NSI.dll
0x000007fef8f60000 - 0x000007fef8f9b000 	C:\windows\system32\WINMM.dll
0x000007fefb920000 - 0x000007fefb92c000 	C:\windows\system32\VERSION.dll
0x0000000076fb0000 - 0x0000000076fb7000 	C:\windows\system32\PSAPI.DLL
0x0000000073720000 - 0x000000007372f000 	C:\Program Files\Java\jdk1.8.0_45\jre\bin\verify.dll
0x0000000050f20000 - 0x0000000050f49000 	C:\Program Files\Java\jdk1.8.0_45\jre\bin\java.dll
0x0000000071700000 - 0x0000000071716000 	C:\Program Files\Java\jdk1.8.0_45\jre\bin\zip.dll
0x000007fefcff0000 - 0x000007fefdd79000 	C:\windows\system32\SHELL32.dll
0x000007fefe900000 - 0x000007fefeb03000 	C:\windows\system32\ole32.dll
0x000007fefcc30000 - 0x000007fefcc3f000 	C:\windows\system32\profapi.dll
0x000007fef2ac0000 - 0x000007fef2be5000 	C:\windows\system32\dbghelp.dll

VM Arguments:
jvm_args: -Xmx1024M -Dfile.encoding=windows-1252 -Duser.country=US -Duser.language=en -Duser.variant 
java_command: com.android.dx.command.Main --dex --num-threads=4 --output C:\Users\kclark\AndroidStudioProjects\OTIOTService\app\build\intermediates\pre-dexed\debug\classes-2584f18c8ffeeb7b847b36c4b9783c114a0a9300.jar C:\Users\kclark\AndroidStudioProjects\OTIOTService\app\build\intermediates\exploded-aar\com.google.android.gms\play-services-fitness\7.5.0\jars\classes.jar
java_class_path (initial): C:\Users\kclark\AppData\Local\Android\sdk1\build-tools\23.0.0\lib\dx.jar
Launcher Type: SUN_STANDARD

Environment Variables:
JAVA_HOME=C:\Program Files\Java\jdk1.8.0_45
PATH=C:\Program Files\Common Files\Microsoft Shared\Windows Live;C:\Program Files (x86)\Common Files\Microsoft Shared\Windows Live;C:\ProgramData\Oracle\Java\javapath;C:\PROGRAM FILES (X86)\INTEL\ICLS CLIENT\;C:\PROGRAM FILES\INTEL\ICLS CLIENT\;C:\windows\SYSTEM32;C:\windows;C:\windows\SYSTEM32\WBEM;C:\windows\SYSTEM32\WINDOWSPOWERSHELL\V1.0\;;C:\PROGRAM FILES (X86)\INTEL\OPENCL SDK\2.0\BIN\X86;C:\PROGRAM FILES (X86)\INTEL\OPENCL SDK\2.0\BIN\X64;C:\PROGRAM FILES\INTEL\INTEL(R) MANAGEMENT ENGINE COMPONENTS\DAL;C:\PROGRAM FILES\INTEL\INTEL(R) MANAGEMENT ENGINE COMPONENTS\IPT;C:\PROGRAM FILES (X86)\INTEL\INTEL(R) MANAGEMENT ENGINE COMPONENTS\DAL;C:\PROGRAM FILES (X86)\INTEL\INTEL(R) MANAGEMENT ENGINE COMPONENTS\IPT;C:\Program Files\ThinkPad\Bluetooth Software\;C:\Program Files\ThinkPad\Bluetooth Software\syswow64;C:\Program Files\Intel\Intel(R) Management Engine Components\DAL;C:\Program Files\Intel\Intel(R) Management Engine Components\IPT;C:\Program Files (x86)\Intel\Intel(R) Management Engine Components\DAL;C:\Program Files (x86)\Intel\Intel(R) Management Engine Components\IPT;C:\Program Files\Intel\WiFi\bin\;C:\Program Files\Common Files\Intel\WirelessCommon\;C:\Program Files (x86)\Shoreline Communications\ShoreWare Client\;C:\Program Files (x86)\Intel\OpenCL SDK\3.0\bin\x86;C:\Program Files (x86)\Intel\OpenCL SDK\3.0\bin\x64;C:\Program Files (x86)\Skype\Phone\;C:\Program Files (x86)\MySQL\MySQL Fabric 1.5.4 & MySQL Utilities 1.5.4 1.5\;C:\Program Files (x86)\MySQL\MySQL Fabric 1.5.4 & MySQL Utilities 1.5.4 1.5\Doctrine extensions for PHP\;C:\Program Files\cURL\bin;C:\Program Files\nodejs\;C:\Program Files (x86)\Windows Live\Shared;%JAVA_HOME%;%JAVA_HOME%\bin;C:\Program Files (x86)\GnuWin32\bin;C:\Program Files\Intel\WiFi\bin\;C:\Program Files\Common Files\Intel\WirelessCommon\;C:\Users\kclark\AppData\Roaming\npm;C:\Program Files (x86)\Nmap;C:\Program Files\Java\jdk1.8.0_45;C:\Program Files\Java\jdk1.8.0_45\bin
USERNAME=kclark
OS=Windows_NT
PROCESSOR_IDENTIFIER=Intel64 Family 6 Model 58 Stepping 9, GenuineIntel



---------------  S Y S T E M  ---------------

OS: Windows 7 , 64 bit Build 7601 (6.1.7601.18933)

CPU:total 4 (2 cores per cpu, 2 threads per core) family 6 model 58 stepping 9, cmov, cx8, fxsr, mmx, sse, sse2, sse3, ssse3, sse4.1, sse4.2, popcnt, avx, aes, clmul, erms, ht, tsc, tscinvbit, tscinv

Memory: 4k page, physical 16466732k(4438120k free), swap 17513468k(5132k free)

vm_info: Java HotSpot(TM) 64-Bit Server VM (25.45-b02) for windows-amd64 JRE (1.8.0_45-b14), built on Apr 10 2015 10:34:15 by "java_re" with MS VC++ 10.0 (VS2010)

time: Mon Sep 07 17:25:31 2015
elapsed time: 24 seconds (0d 0h 0m 24s)

