#
# There is insufficient memory for the Java Runtime Environment to continue.
# Native memory allocation (malloc) failed to allocate 32784 bytes for Chunk::new
# Possible reasons:
#   The system is out of physical RAM or swap space
#   In 32 bit mode, the process size limit was hit
# Possible solutions:
#   Reduce memory load on the system
#   Increase physical memory or swap space
#   Check if swap backing store is full
#   Use 64 bit Java on a 64 bit OS
#   Decrease Java heap size (-Xmx/-Xms)
#   Decrease number of Java threads
#   Decrease Java thread stack sizes (-Xss)
#   Set larger code cache with -XX:ReservedCodeCacheSize=
# This output file may be truncated or incomplete.
#
#  Out of Memory Error (allocation.cpp:390), pid=13920, tid=13428
#
# JRE version: Java(TM) SE Runtime Environment (8.0_45-b14) (build 1.8.0_45-b14)
# Java VM: Java HotSpot(TM) 64-Bit Server VM (25.45-b02 mixed mode windows-amd64 compressed oops)
# Failed to write core dump. Minidumps are not enabled by default on client versions of Windows
#

---------------  T H R E A D  ---------------

Current thread (0x0000000016594800):  JavaThread "C2 CompilerThread0" daemon [_thread_in_native, id=13428, stack(0x0000000016b80000,0x0000000016c80000)]

Stack: [0x0000000016b80000,0x0000000016c80000]
[error occurred during error reporting (printing stack bounds), id 0xc0000005]

Native frames: (J=compiled Java code, j=interpreted, Vv=VM code, C=native code)
V  [jvm.dll+0x32b57a]


Current CompileTask:
C2:  10659 1623       4       com.android.dx.ssa.back.IdenticalBlockCombiner::combineBlocks (102 bytes)


---------------  P R O C E S S  ---------------

Java Threads: ( => current thread )
  0x000000001684d000 JavaThread "pool-1-thread-4" [_thread_blocked, id=13844, stack(0x0000000017860000,0x0000000017960000)]
  0x0000000016847000 JavaThread "pool-1-thread-3" [_thread_blocked, id=14152, stack(0x0000000017180000,0x0000000017280000)]
  0x0000000016846000 JavaThread "pool-1-thread-2" [_thread_blocked, id=8868, stack(0x00000000176d0000,0x00000000177d0000)]
  0x000000001682d800 JavaThread "pool-2-thread-1" [_thread_blocked, id=3412, stack(0x0000000017550000,0x0000000017650000)]
  0x000000001682a800 JavaThread "pool-1-thread-1" [_thread_blocked, id=13072, stack(0x0000000017440000,0x0000000017540000)]
  0x00000000165f7000 JavaThread "Service Thread" daemon [_thread_blocked, id=12568, stack(0x0000000016ec0000,0x0000000016fc0000)]
  0x00000000165dd000 JavaThread "C1 CompilerThread2" daemon [_thread_blocked, id=2684, stack(0x0000000017040000,0x0000000017140000)]
  0x000000001514f000 JavaThread "C2 CompilerThread1" daemon [_thread_blocked, id=12184, stack(0x0000000016db0000,0x0000000016eb0000)]
=>0x0000000016594800 JavaThread "C2 CompilerThread0" daemon [_thread_in_native, id=13428, stack(0x0000000016b80000,0x0000000016c80000)]
  0x0000000015144000 JavaThread "Attach Listener" daemon [_thread_blocked, id=12788, stack(0x0000000016330000,0x0000000016430000)]
  0x0000000015141800 JavaThread "Signal Dispatcher" daemon [_thread_blocked, id=7136, stack(0x0000000016a50000,0x0000000016b50000)]
  0x00000000150e2000 JavaThread "Finalizer" daemon [_thread_blocked, id=13708, stack(0x0000000016490000,0x0000000016590000)]
  0x00000000150e0800 JavaThread "Reference Handler" daemon [_thread_blocked, id=13408, stack(0x00000000160e0000,0x00000000161e0000)]
  0x000000000029e800 JavaThread "main" [_thread_blocked, id=6064, stack(0x0000000002550000,0x0000000002650000)]

Other Threads:
  0x00000000150db000 VMThread [stack: 0x0000000016210000,0x0000000016310000] [id=13348]
  0x00000000165f8800 WatcherThread [stack: 0x0000000017290000,0x0000000017390000] [id=11720]

VM state:not at safepoint (normal execution)

VM Mutex/Monitor currently owned by a thread: None

Heap:
 PSYoungGen      total 75264K, used 14351K [0x00000000eab00000, 0x00000000f3e00000, 0x0000000100000000)
  eden space 64512K, 5% used [0x00000000eab00000,0x00000000eae872b8,0x00000000eea00000)
  from space 10752K, 99% used [0x00000000eea00000,0x00000000ef47cb58,0x00000000ef480000)
  to   space 10752K, 0% used [0x00000000f3380000,0x00000000f3380000,0x00000000f3e00000)
 ParOldGen       total 172032K, used 115K [0x00000000c0000000, 0x00000000ca800000, 0x00000000eab00000)
  object space 172032K, 0% used [0x00000000c0000000,0x00000000c001cdd8,0x00000000ca800000)
 Metaspace       used 6017K, capacity 7088K, committed 7296K, reserved 1056768K
  class space    used 580K, capacity 616K, committed 640K, reserved 1048576K

Card table byte_map: [0x0000000011ce0000,0x0000000011ef0000] byte_map_base: 0x00000000116e0000

Marking Bits: (ParMarkBitMap*) 0x00000000701f4040
 Begin Bits: [0x0000000012550000, 0x0000000013550000)
 End Bits:   [0x0000000013550000, 0x0000000014550000)

Polling page: 0x0000000000230000

CodeCache: size=245760Kb used=6911Kb max_used=6922Kb free=238848Kb
 bounds [0x0000000002920000, 0x0000000002ff0000, 0x0000000011920000]
 total_blobs=1883 nmethods=1614 adapters=182
 compilation: enabled

Compilation events (10 events):
Event: 10.610 Thread 0x00000000165dd000 nmethod 1617 0x0000000002fda710 code [0x0000000002fda8c0, 0x0000000002fdb118]
Event: 10.610 Thread 0x00000000165dd000 1619       3       java.lang.System$2::invokeFinalize (5 bytes)
Event: 10.610 Thread 0x00000000165dd000 nmethod 1619 0x0000000002fda2d0 code [0x0000000002fda440, 0x0000000002fda668]
Event: 10.610 Thread 0x00000000165dd000 1620       3       java.lang.ref.Reference::clear (6 bytes)
Event: 10.610 Thread 0x00000000165dd000 nmethod 1620 0x0000000002fd9f90 code [0x0000000002fda0e0, 0x0000000002fda250]
Event: 10.642 Thread 0x00000000165dd000 1621       3       com.android.dx.cf.code.OneLocalsArray::makeInitialized (55 bytes)
Event: 10.643 Thread 0x000000001514f000 1622       4       java.util.ArrayList$SubList::checkForComodification (23 bytes)
Event: 10.643 Thread 0x00000000165dd000 nmethod 1621 0x0000000002fd9410 code [0x0000000002fd95c0, 0x0000000002fd9c58]
Event: 10.644 Thread 0x000000001514f000 nmethod 1622 0x0000000002f97350 code [0x0000000002f97480, 0x0000000002f974f8]
Event: 10.644 Thread 0x0000000016594800 1623       4       com.android.dx.ssa.back.IdenticalBlockCombiner::combineBlocks (102 bytes)

GC Heap History (2 events):
Event: 10.229 GC heap before
{Heap before GC invocations=1 (full 0):
 PSYoungGen      total 75264K, used 64512K [0x00000000eab00000, 0x00000000eff00000, 0x0000000100000000)
  eden space 64512K, 100% used [0x00000000eab00000,0x00000000eea00000,0x00000000eea00000)
  from space 10752K, 0% used [0x00000000ef480000,0x00000000ef480000,0x00000000eff00000)
  to   space 10752K, 0% used [0x00000000eea00000,0x00000000eea00000,0x00000000ef480000)
 ParOldGen       total 172032K, used 0K [0x00000000c0000000, 0x00000000ca800000, 0x00000000eab00000)
  object space 172032K, 0% used [0x00000000c0000000,0x00000000c0000000,0x00000000ca800000)
 Metaspace       used 6010K, capacity 7088K, committed 7296K, reserved 1056768K
  class space    used 580K, capacity 616K, committed 640K, reserved 1048576K
Event: 10.570 GC heap after
Heap after GC invocations=1 (full 0):
 PSYoungGen      total 75264K, used 10738K [0x00000000eab00000, 0x00000000f3e00000, 0x0000000100000000)
  eden space 64512K, 0% used [0x00000000eab00000,0x00000000eab00000,0x00000000eea00000)
  from space 10752K, 99% used [0x00000000eea00000,0x00000000ef47cb58,0x00000000ef480000)
  to   space 10752K, 0% used [0x00000000f3380000,0x00000000f3380000,0x00000000f3e00000)
 ParOldGen       total 172032K, used 115K [0x00000000c0000000, 0x00000000ca800000, 0x00000000eab00000)
  object space 172032K, 0% used [0x00000000c0000000,0x00000000c001cdd8,0x00000000ca800000)
 Metaspace       used 6010K, capacity 7088K, committed 7296K, reserved 1056768K
  class space    used 580K, capacity 616K, committed 640K, reserved 1048576K
}

Deoptimization events (8 events):
Event: 1.098 Thread 0x000000000029e800 Uncommon trap: reason=unstable_if action=reinterpret pc=0x0000000002b22d30 method=java.util.HashMap.getNode(ILjava/lang/Object;)Ljava/util/HashMap$Node; @ 62
Event: 1.099 Thread 0x000000001684d000 Uncommon trap: reason=unstable_if action=reinterpret pc=0x0000000002b28da0 method=java.util.BitSet.nextSetBit(I)I @ 87
Event: 5.762 Thread 0x000000001684d000 Uncommon trap: reason=unstable_if action=reinterpret pc=0x0000000002d3de8c method=com.android.dx.ssa.SsaMethod.updateOneDefinition(Lcom/android/dx/ssa/SsaInsn;Lcom/android/dx/rop/code/RegisterSpec;)V @ 4
Event: 9.446 Thread 0x000000001682a800 Uncommon trap: reason=unstable_if action=reinterpret pc=0x0000000002e91d68 method=com.android.dx.util.BitIntSet.has(I)Z @ 8
Event: 10.573 Thread 0x000000001682a800 Uncommon trap: reason=unstable_if action=reinterpret pc=0x0000000002f863fc method=com.android.dx.util.MutabilityControl.isImmutable()Z @ 4
Event: 10.573 Thread 0x000000001682a800 Uncommon trap: reason=class_check action=maybe_recompile pc=0x0000000002e549cc method=com.android.dx.ssa.SsaMethod.isRegALocal(Lcom/android/dx/rop/code/RegisterSpec;)Z @ 16
Event: 10.574 Thread 0x000000001682a800 Uncommon trap: reason=class_check action=maybe_recompile pc=0x0000000002e549cc method=com.android.dx.ssa.SsaMethod.isRegALocal(Lcom/android/dx/rop/code/RegisterSpec;)Z @ 16
Event: 10.574 Thread 0x000000001682a800 Uncommon trap: reason=class_check action=maybe_recompile pc=0x0000000002e549cc method=com.android.dx.ssa.SsaMethod.isRegALocal(Lcom/android/dx/rop/code/RegisterSpec;)Z @ 16

Internal exceptions (2 events):
Event: 0.045 Thread 0x000000000029e800 Exception <a 'java/lang/NoSuchMethodError': Method sun.misc.Unsafe.defineClass(Ljava/lang/String;[BII)Ljava/lang/Class; name or signature does not match> (0x00000000eab0de38) thrown at [C:\re\workspace\8-2-build-windows-amd64-cygwin\jdk8u45\3457\hotspot\srÍÙ.)§?
Event: 0.045 Thread 0x000000000029e800 Exception <a 'java/lang/NoSuchMethodError': Method sun.misc.Unsafe.prefetchRead(Ljava/lang/Object;J)V name or signature does not match> (0x00000000eab0e0c8) thrown at [C:\re\workspace\8-2-build-windows-amd64-cygwin\jdk8u45\3457\hotspot\src\share\vm\prims\j

Events (10 events):
Event: 10.573 Thread 0x000000001682a800 DEOPT PACKING pc=0x0000000002e549cc sp=0x000000001753e890
Event: 10.574 Thread 0x000000001682a800 DEOPT UNPACKING pc=0x000000000296582a sp=0x000000001753e808 mode 2
Event: 10.574 Thread 0x000000001682a800 Uncommon trap: trap_request=0xffffffde fr.pc=0x0000000002e549cc
Event: 10.574 Thread 0x000000001682a800 DEOPT PACKING pc=0x0000000002e549cc sp=0x000000001753e980
Event: 10.574 Thread 0x000000001682a800 DEOPT UNPACKING pc=0x000000000296582a sp=0x000000001753e8f8 mode 2
Event: 10.574 Thread 0x000000001682a800 Uncommon trap: trap_request=0xffffffde fr.pc=0x0000000002e549cc
Event: 10.574 Thread 0x000000001682a800 DEOPT PACKING pc=0x0000000002e549cc sp=0x000000001753e980
Event: 10.574 Thread 0x000000001682a800 DEOPT UNPACKING pc=0x000000000296582a sp=0x000000001753e8f8 mode 2
Event: 10.575 loading class com/android/dx/rop/code/RegisterSpec$1
Event: 10.575 loading class com/android/dx/rop/code/RegisterSpec$1 done


Dynamic libraries:
0x000000013fc80000 - 0x000000013fcb7000 	C:\Program Files\Java\jdk1.8.0_45\bin\java.exe
0x0000000076df0000 - 0x0000000076f99000 	C:\windows\SYSTEM32\ntdll.dll
0x0000000076cd0000 - 0x0000000076def000 	C:\windows\system32\kernel32.dll
0x000007fefce50000 - 0x000007fefcebc000 	C:\windows\system32\KERNELBASE.dll
0x000007fefddd0000 - 0x000007fefdeab000 	C:\windows\system32\ADVAPI32.dll
0x000007fefe7f0000 - 0x000007fefe88f000 	C:\windows\system32\msvcrt.dll
0x000007fefe3e0000 - 0x000007fefe3ff000 	C:\windows\SYSTEM32\sechost.dll
0x000007fefe690000 - 0x000007fefe7bd000 	C:\windows\system32\RPCRT4.dll
0x0000000076bd0000 - 0x0000000076cca000 	C:\windows\system32\USER32.dll
0x000007fefe890000 - 0x000007fefe8f7000 	C:\windows\system32\GDI32.dll
0x000007fefded0000 - 0x000007fefdede000 	C:\windows\system32\LPK.dll
0x000007fefef90000 - 0x000007feff059000 	C:\windows\system32\USP10.dll
0x000007fefbc00000 - 0x000007fefbdf4000 	C:\windows\WinSxS\amd64_microsoft.windows.common-controls_6595b64144ccf1df_6.0.7601.18837_none_fa3b1e3d17594757\COMCTL32.dll
0x000007fefe090000 - 0x000007fefe101000 	C:\windows\system32\SHLWAPI.dll
0x000007fefe7c0000 - 0x000007fefe7ee000 	C:\windows\system32\IMM32.DLL
0x000007fefdee0000 - 0x000007fefdfe9000 	C:\windows\system32\MSCTF.dll
0x000007fefcb60000 - 0x000007fefcb91000 	C:\Windows\system32\nvinitx.dll
0x0000000050360000 - 0x0000000050432000 	C:\Program Files\Java\jdk1.8.0_45\jre\bin\msvcr100.dll
0x000000006f9f0000 - 0x0000000070273000 	C:\Program Files\Java\jdk1.8.0_45\jre\bin\server\jvm.dll
0x000007fef7fe0000 - 0x000007fef7fe9000 	C:\windows\system32\WSOCK32.dll
0x000007fefdd80000 - 0x000007fefddcd000 	C:\windows\system32\WS2_32.dll
0x000007fefe2f0000 - 0x000007fefe2f8000 	C:\windows\system32\NSI.dll
0x000007fef8f60000 - 0x000007fef8f9b000 	C:\windows\system32\WINMM.dll
0x000007fefb920000 - 0x000007fefb92c000 	C:\windows\system32\VERSION.dll
0x0000000076fb0000 - 0x0000000076fb7000 	C:\windows\system32\PSAPI.DLL
0x0000000073720000 - 0x000000007372f000 	C:\Program Files\Java\jdk1.8.0_45\jre\bin\verify.dll
0x0000000050f20000 - 0x0000000050f49000 	C:\Program Files\Java\jdk1.8.0_45\jre\bin\java.dll
0x0000000071700000 - 0x0000000071716000 	C:\Program Files\Java\jdk1.8.0_45\jre\bin\zip.dll
0x000007fefcff0000 - 0x000007fefdd79000 	C:\windows\system32\SHELL32.dll
0x000007fefe900000 - 0x000007fefeb03000 	C:\windows\system32\ole32.dll
0x000007fefcc30000 - 0x000007fefcc3f000 	C:\windows\system32\profapi.dll

VM Arguments:
jvm_args: -Xmx1024M -Dfile.encoding=windows-1252 -Duser.country=US -Duser.language=en -Duser.variant 
java_command: com.android.dx.command.Main --dex --num-threads=4 --output C:\Users\kclark\AndroidStudioProjects\OTIOTService\app\build\intermediates\pre-dexed\debug\classes-a2eab2cd0f71418b8eee6e0248fbd76f6e20fa30.jar C:\Users\kclark\AndroidStudioProjects\OTIOTService\app\build\intermediates\exploded-aar\com.google.android.gms\play-services-drive\7.5.0\jars\classes.jar
java_class_path (initial): C:\Users\kclark\AppData\Local\Android\sdk1\build-tools\23.0.0\lib\dx.jar
Launcher Type: SUN_STANDARD

Environment Variables:
JAVA_HOME=C:\Program Files\Java\jdk1.8.0_45
PATH=C:\Program Files\Common Files\Microsoft Shared\Windows Live;C:\Program Files (x86)\Common Files\Microsoft Shared\Windows Live;C:\ProgramData\Oracle\Java\javapath;C:\PROGRAM FILES (X86)\INTEL\ICLS CLIENT\;C:\PROGRAM FILES\INTEL\ICLS CLIENT\;C:\windows\SYSTEM32;C:\windows;C:\windows\SYSTEM32\WBEM;C:\windows\SYSTEM32\WINDOWSPOWERSHELL\V1.0\;;C:\PROGRAM FILES (X86)\INTEL\OPENCL SDK\2.0\BIN\X86;C:\PROGRAM FILES (X86)\INTEL\OPENCL SDK\2.0\BIN\X64;C:\PROGRAM FILES\INTEL\INTEL(R) MANAGEMENT ENGINE COMPONENTS\DAL;C:\PROGRAM FILES\INTEL\INTEL(R) MANAGEMENT ENGINE COMPONENTS\IPT;C:\PROGRAM FILES (X86)\INTEL\INTEL(R) MANAGEMENT ENGINE COMPONENTS\DAL;C:\PROGRAM FILES (X86)\INTEL\INTEL(R) MANAGEMENT ENGINE COMPONENTS\IPT;C:\Program Files\ThinkPad\Bluetooth Software\;C:\Program Files\ThinkPad\Bluetooth Software\syswow64;C:\Program Files\Intel\Intel(R) Management Engine Components\DAL;C:\Program Files\Intel\Intel(R) Management Engine Components\IPT;C:\Program Files (x86)\Intel\Intel(R) Management Engine Components\DAL;C:\Program Files (x86)\Intel\Intel(R) Management Engine Components\IPT;C:\Program Files\Intel\WiFi\bin\;C:\Program Files\Common Files\Intel\WirelessCommon\;C:\Program Files (x86)\Shoreline Communications\ShoreWare Client\;C:\Program Files (x86)\Intel\OpenCL SDK\3.0\bin\x86;C:\Program Files (x86)\Intel\OpenCL SDK\3.0\bin\x64;C:\Program Files (x86)\Skype\Phone\;C:\Program Files (x86)\MySQL\MySQL Fabric 1.5.4 & MySQL Utilities 1.5.4 1.5\;C:\Program Files (x86)\MySQL\MySQL Fabric 1.5.4 & MySQL Utilities 1.5.4 1.5\Doctrine extensions for PHP\;C:\Program Files\cURL\bin;C:\Program Files\nodejs\;C:\Program Files (x86)\Windows Live\Shared;%JAVA_HOME%;%JAVA_HOME%\bin;C:\Program Files (x86)\GnuWin32\bin;C:\Program Files\Intel\WiFi\bin\;C:\Program Files\Common Files\Intel\WirelessCommon\;C:\Users\kclark\AppData\Roaming\npm;C:\Program Files (x86)\Nmap;C:\Program Files\Java\jdk1.8.0_45;C:\Program Files\Java\jdk1.8.0_45\bin
USERNAME=kclark
OS=Windows_NT
PROCESSOR_IDENTIFIER=Intel64 Family 6 Model 58 Stepping 9, GenuineIntel



---------------  S Y S T E M  ---------------

OS: Windows 7 , 64 bit Build 7601 (6.1.7601.18933)

CPU:total 4 (2 cores per cpu, 2 threads per core) family 6 model 58 stepping 9, cmov, cx8, fxsr, mmx, sse, sse2, sse3, ssse3, sse4.1, sse4.2, popcnt, avx, aes, clmul, erms, ht, tsc, tscinvbit, tscinv

Memory: 4k page, physical 16466732k(4618632k free), swap 17513468k(5152k free)

vm_info: Java HotSpot(TM) 64-Bit Server VM (25.45-b02) for windows-amd64 JRE (1.8.0_45-b14), built on Apr 10 2015 10:34:15 by "java_re" with MS VC++ 10.0 (VS2010)

time: Mon Sep 07 17:28:00 2015
elapsed time: 10 seconds (0d 0h 0m 10s)

