#
# There is insufficient memory for the Java Runtime Environment to continue.
# Native memory allocation (malloc) failed to allocate 32744 bytes for ChunkPool::allocate
# Possible reasons:
#   The system is out of physical RAM or swap space
#   In 32 bit mode, the process size limit was hit
# Possible solutions:
#   Reduce memory load on the system
#   Increase physical memory or swap space
#   Check if swap backing store is full
#   Use 64 bit Java on a 64 bit OS
#   Decrease Java heap size (-Xmx/-Xms)
#   Decrease number of Java threads
#   Decrease Java thread stack sizes (-Xss)
#   Set larger code cache with -XX:ReservedCodeCacheSize=
# This output file may be truncated or incomplete.
#
#  Out of Memory Error (allocation.cpp:273), pid=13672, tid=13756
#
# JRE version: Java(TM) SE Runtime Environment (8.0_45-b14) (build 1.8.0_45-b14)
# Java VM: Java HotSpot(TM) 64-Bit Server VM (25.45-b02 mixed mode windows-amd64 compressed oops)
# Failed to write core dump. Minidumps are not enabled by default on client versions of Windows
#

---------------  T H R E A D  ---------------

Current thread (0x000000001544c800):  JavaThread "C1 CompilerThread2" daemon [_thread_in_native, id=13756, stack(0x0000000016d00000,0x0000000016e00000)]

Stack: [0x0000000016d00000,0x0000000016e00000]
Native frames: (J=compiled Java code, j=interpreted, Vv=VM code, C=native code)
V  [jvm.dll+0x32b57a]


Current CompileTask:
C1:   2000  816   !   3       com.android.dx.cf.code.RopperMachine::run (1550 bytes)


---------------  P R O C E S S  ---------------

Java Threads: ( => current thread )
  0x0000000017080000 JavaThread "pool-1-thread-4" [_thread_in_Java, id=13816, stack(0x0000000017bb0000,0x0000000017cb0000)]
  0x0000000017072800 JavaThread "pool-1-thread-3" [_thread_blocked, id=13808, stack(0x00000000179c0000,0x0000000017ac0000)]
  0x0000000017072000 JavaThread "pool-1-thread-2" [_thread_blocked, id=13804, stack(0x0000000017880000,0x0000000017980000)]
  0x0000000017071000 JavaThread "pool-2-thread-1" [_thread_blocked, id=13800, stack(0x0000000017420000,0x0000000017520000)]
  0x0000000017062000 JavaThread "pool-1-thread-1" [_thread_blocked, id=13796, stack(0x0000000017210000,0x0000000017310000)]
  0x000000001544f000 JavaThread "Service Thread" daemon [_thread_blocked, id=13760, stack(0x0000000017310000,0x0000000017410000)]
=>0x000000001544c800 JavaThread "C1 CompilerThread2" daemon [_thread_in_native, id=13756, stack(0x0000000016d00000,0x0000000016e00000)]
  0x000000001544b800 JavaThread "C2 CompilerThread1" daemon [_thread_in_native, id=13752, stack(0x0000000016a70000,0x0000000016b70000)]
  0x0000000015449800 JavaThread "C2 CompilerThread0" daemon [_thread_in_native, id=13748, stack(0x0000000016ba0000,0x0000000016ca0000)]
  0x0000000015444000 JavaThread "Attach Listener" daemon [_thread_blocked, id=13744, stack(0x0000000016370000,0x0000000016470000)]
  0x0000000015441800 JavaThread "Signal Dispatcher" daemon [_thread_blocked, id=13740, stack(0x0000000016920000,0x0000000016a20000)]
  0x00000000153e2000 JavaThread "Finalizer" daemon [_thread_blocked, id=13736, stack(0x00000000167a0000,0x00000000168a0000)]
  0x00000000153e0800 JavaThread "Reference Handler" daemon [_thread_blocked, id=13732, stack(0x0000000016600000,0x0000000016700000)]
  0x000000000240e800 JavaThread "main" [_thread_blocked, id=13708, stack(0x00000000026a0000,0x00000000027a0000)]

Other Threads:
  0x00000000153db000 VMThread [stack: 0x0000000016500000,0x0000000016600000] [id=13728]
  0x0000000016e01000 WatcherThread [stack: 0x00000000175c0000,0x00000000176c0000] [id=13764]

VM state:not at safepoint (normal execution)

VM Mutex/Monitor currently owned by a thread: None

Heap:
 PSYoungGen      total 75264K, used 19360K [0x00000000eab00000, 0x00000000eff00000, 0x0000000100000000)
  eden space 64512K, 30% used [0x00000000eab00000,0x00000000ebde8388,0x00000000eea00000)
  from space 10752K, 0% used [0x00000000ef480000,0x00000000ef480000,0x00000000eff00000)
  to   space 10752K, 0% used [0x00000000eea00000,0x00000000eea00000,0x00000000ef480000)
 ParOldGen       total 172032K, used 0K [0x00000000c0000000, 0x00000000ca800000, 0x00000000eab00000)
  object space 172032K, 0% used [0x00000000c0000000,0x00000000c0000000,0x00000000ca800000)
 Metaspace       used 5603K, capacity 6704K, committed 6784K, reserved 1056768K
  class space    used 578K, capacity 616K, committed 640K, reserved 1048576K

Card table byte_map: [0x0000000011e30000,0x0000000012040000] byte_map_base: 0x0000000011830000

Marking Bits: (ParMarkBitMap*) 0x0000000050834040
 Begin Bits: [0x0000000012850000, 0x0000000013850000)
 End Bits:   [0x0000000013850000, 0x0000000014850000)

Polling page: 0x0000000000230000

CodeCache: size=245760Kb used=3214Kb max_used=3214Kb free=242545Kb
 bounds [0x0000000002a70000, 0x0000000002da0000, 0x0000000011a70000]
 total_blobs=1084 nmethods=815 adapters=182
 compilation: enabled

Compilation events (10 events):
Event: 1.960 Thread 0x000000001544c800 nmethod 817 0x0000000002d88b10 code [0x0000000002d89120, 0x0000000002d8d958]
Event: 1.960 Thread 0x000000001544c800  830       3       com.android.dx.ssa.SsaRenamer$BlockRenamer::updateSuccessorPhis (64 bytes)
Event: 1.961 Thread 0x000000001544c800 nmethod 830 0x0000000002d90f50 code [0x0000000002d91160, 0x0000000002d91ac8]
Event: 1.961 Thread 0x000000001544c800  827       3       com.android.dx.ssa.back.LivenessAnalyzer::run (231 bytes)
Event: 1.982 Thread 0x000000001544c800 nmethod 827 0x0000000002d920d0 code [0x0000000002d923e0, 0x0000000002d93a68]
Event: 1.982 Thread 0x000000001544c800  834       1       java.util.ArrayList::elementData (7 bytes)
Event: 1.982 Thread 0x000000001544c800 nmethod 834 0x0000000002d945d0 code [0x0000000002d94720, 0x0000000002d94850]
Event: 1.982 Thread 0x000000001544c800  819       3       com.android.dx.cf.code.BaseMachine::storeResults (90 bytes)
Event: 1.983 Thread 0x000000001544c800 nmethod 819 0x0000000002d94910 code [0x0000000002d94b00, 0x0000000002d95588]
Event: 1.983 Thread 0x000000001544c800  816   !   3       com.android.dx.cf.code.RopperMachine::run (1550 bytes)

GC Heap History (0 events):
No events

Deoptimization events (5 events):
Event: 1.722 Thread 0x0000000017080000 Uncommon trap: reason=unstable_if action=reinterpret pc=0x0000000002c6d460 method=java.util.HashMap.getNode(ILjava/lang/Object;)Ljava/util/HashMap$Node; @ 62
Event: 1.903 Thread 0x0000000017080000 Uncommon trap: reason=class_check action=maybe_recompile pc=0x0000000002cd9320 method=com.android.dx.ssa.NormalSsaInsn.accept(Lcom/android/dx/ssa/SsaInsn$Visitor;)V @ 9
Event: 1.903 Thread 0x0000000017080000 Uncommon trap: reason=class_check action=maybe_recompile pc=0x0000000002cd9320 method=com.android.dx.ssa.NormalSsaInsn.accept(Lcom/android/dx/ssa/SsaInsn$Visitor;)V @ 9
Event: 1.932 Thread 0x0000000017080000 Uncommon trap: reason=class_check action=maybe_recompile pc=0x0000000002cd9320 method=com.android.dx.ssa.NormalSsaInsn.accept(Lcom/android/dx/ssa/SsaInsn$Visitor;)V @ 9
Event: 1.932 Thread 0x0000000017080000 Uncommon trap: reason=class_check action=maybe_recompile pc=0x0000000002cd9320 method=com.android.dx.ssa.NormalSsaInsn.accept(Lcom/android/dx/ssa/SsaInsn$Visitor;)V @ 9

Internal exceptions (2 events):
Event: 0.318 Thread 0x000000000240e800 Exception <a 'java/lang/NoSuchMethodError': Method sun.misc.Unsafe.defineClass(Ljava/lang/String;[BII)Ljava/lang/Class; name or signature does not match> (0x00000000eab0dfc0) thrown at [C:\re\workspace\8-2-build-windows-amd64-cygwin\jdk8u45\3457\hotspot\sr Ì£DV‘?
Event: 0.318 Thread 0x000000000240e800 Exception <a 'java/lang/NoSuchMethodError': Method sun.misc.Unsafe.prefetchRead(Ljava/lang/Object;J)V name or signature does not match> (0x00000000eab0e250) thrown at [C:\re\workspace\8-2-build-windows-amd64-cygwin\jdk8u45\3457\hotspot\src\share\vm\prims\j

Events (10 events):
Event: 1.903 Thread 0x0000000017080000 DEOPT UNPACKING pc=0x0000000002ab582a sp=0x0000000017caebd0 mode 2
Event: 1.903 Thread 0x0000000017080000 Uncommon trap: trap_request=0xffffffde fr.pc=0x0000000002cd9320
Event: 1.903 Thread 0x0000000017080000 DEOPT PACKING pc=0x0000000002cd9320 sp=0x0000000017caec40
Event: 1.903 Thread 0x0000000017080000 DEOPT UNPACKING pc=0x0000000002ab582a sp=0x0000000017caebd0 mode 2
Event: 1.932 Thread 0x0000000017080000 Uncommon trap: trap_request=0xffffffde fr.pc=0x0000000002cd9320
Event: 1.932 Thread 0x0000000017080000 DEOPT PACKING pc=0x0000000002cd9320 sp=0x0000000017caec40
Event: 1.932 Thread 0x0000000017080000 DEOPT UNPACKING pc=0x0000000002ab582a sp=0x0000000017caebd0 mode 2
Event: 1.932 Thread 0x0000000017080000 Uncommon trap: trap_request=0xffffffde fr.pc=0x0000000002cd9320
Event: 1.932 Thread 0x0000000017080000 DEOPT PACKING pc=0x0000000002cd9320 sp=0x0000000017caec40
Event: 1.932 Thread 0x0000000017080000 DEOPT UNPACKING pc=0x0000000002ab582a sp=0x0000000017caebd0 mode 2


Dynamic libraries:
0x000000013f2f0000 - 0x000000013f327000 	C:\Program Files\Java\jdk1.8.0_45\bin\java.exe
0x0000000076df0000 - 0x0000000076f99000 	C:\windows\SYSTEM32\ntdll.dll
0x0000000076cd0000 - 0x0000000076def000 	C:\windows\system32\kernel32.dll
0x000007fefce50000 - 0x000007fefcebc000 	C:\windows\system32\KERNELBASE.dll
0x000007fefddd0000 - 0x000007fefdeab000 	C:\windows\system32\ADVAPI32.dll
0x000007fefe7f0000 - 0x000007fefe88f000 	C:\windows\system32\msvcrt.dll
0x000007fefe3e0000 - 0x000007fefe3ff000 	C:\windows\SYSTEM32\sechost.dll
0x000007fefe690000 - 0x000007fefe7bd000 	C:\windows\system32\RPCRT4.dll
0x0000000076bd0000 - 0x0000000076cca000 	C:\windows\system32\USER32.dll
0x000007fefe890000 - 0x000007fefe8f7000 	C:\windows\system32\GDI32.dll
0x000007fefded0000 - 0x000007fefdede000 	C:\windows\system32\LPK.dll
0x000007fefef90000 - 0x000007feff059000 	C:\windows\system32\USP10.dll
0x000007fefbc00000 - 0x000007fefbdf4000 	C:\windows\WinSxS\amd64_microsoft.windows.common-controls_6595b64144ccf1df_6.0.7601.18837_none_fa3b1e3d17594757\COMCTL32.dll
0x000007fefe090000 - 0x000007fefe101000 	C:\windows\system32\SHLWAPI.dll
0x000007fefe7c0000 - 0x000007fefe7ee000 	C:\windows\system32\IMM32.DLL
0x000007fefdee0000 - 0x000007fefdfe9000 	C:\windows\system32\MSCTF.dll
0x000007fefcb60000 - 0x000007fefcb91000 	C:\Windows\system32\nvinitx.dll
0x0000000078a70000 - 0x0000000078b42000 	C:\Program Files\Java\jdk1.8.0_45\jre\bin\msvcr100.dll
0x0000000050030000 - 0x00000000508b3000 	C:\Program Files\Java\jdk1.8.0_45\jre\bin\server\jvm.dll
0x000007fef7fe0000 - 0x000007fef7fe9000 	C:\windows\system32\WSOCK32.dll
0x000007fefdd80000 - 0x000007fefddcd000 	C:\windows\system32\WS2_32.dll
0x000007fefe2f0000 - 0x000007fefe2f8000 	C:\windows\system32\NSI.dll
0x000007fef8f60000 - 0x000007fef8f9b000 	C:\windows\system32\WINMM.dll
0x000007fefb920000 - 0x000007fefb92c000 	C:\windows\system32\VERSION.dll
0x0000000076fb0000 - 0x0000000076fb7000 	C:\windows\system32\PSAPI.DLL
0x0000000073710000 - 0x000000007371f000 	C:\Program Files\Java\jdk1.8.0_45\jre\bin\verify.dll
0x0000000050f70000 - 0x0000000050f99000 	C:\Program Files\Java\jdk1.8.0_45\jre\bin\java.dll
0x0000000050fb0000 - 0x0000000050fc6000 	C:\Program Files\Java\jdk1.8.0_45\jre\bin\zip.dll
0x000007fefcff0000 - 0x000007fefdd79000 	C:\windows\system32\SHELL32.dll
0x000007fefe900000 - 0x000007fefeb03000 	C:\windows\system32\ole32.dll
0x000007fefcc30000 - 0x000007fefcc3f000 	C:\windows\system32\profapi.dll

VM Arguments:
jvm_args: -Xmx1024M -Dfile.encoding=windows-1252 -Duser.country=US -Duser.language=en -Duser.variant 
java_command: com.android.dx.command.Main --dex --num-threads=4 --output C:\Users\kclark\AndroidStudioProjects\OTIOTService\app\build\intermediates\pre-dexed\debug\classes-6d09bdf88bf64561795d95c18f831ee1e51b8c98.jar C:\Users\kclark\AndroidStudioProjects\OTIOTService\app\build\intermediates\exploded-aar\com.google.android.gms\play-services-wearable\7.5.0\jars\classes.jar
java_class_path (initial): C:\Users\kclark\AppData\Local\Android\sdk1\build-tools\23.0.0\lib\dx.jar
Launcher Type: SUN_STANDARD

Environment Variables:



---------------  S Y S T E M  ---------------

OS: Windows 7 , 64 bit Build 7601 (6.1.7601.18933)

CPU:total 4 (2 cores per cpu, 2 threads per core) family 6 model 58 stepping 9, cmov, cx8, fxsr, mmx, sse, sse2, sse3, ssse3, sse4.1, sse4.2, popcnt, avx, aes, clmul, erms, ht, tsc, tscinvbit, tscinv

Memory: 4k page, physical 16466732k(4672392k free), swap 17513468k(5048k free)

vm_info: Java HotSpot(TM) 64-Bit Server VM (25.45-b02) for windows-amd64 JRE (1.8.0_45-b14), built on Apr 10 2015 10:34:15 by "java_re" with MS VC++ 10.0 (VS2010)

time: Mon Sep 07 17:21:18 2015
elapsed time: 2 seconds (0d 0h 0m 2s)

