#
# There is insufficient memory for the Java Runtime Environment to continue.
# Native memory allocation (malloc) failed to allocate 272336 bytes for Chunk::new
# Possible reasons:
#   The system is out of physical RAM or swap space
#   In 32 bit mode, the process size limit was hit
# Possible solutions:
#   Reduce memory load on the system
#   Increase physical memory or swap space
#   Check if swap backing store is full
#   Use 64 bit Java on a 64 bit OS
#   Decrease Java heap size (-Xmx/-Xms)
#   Decrease number of Java threads
#   Decrease Java thread stack sizes (-Xss)
#   Set larger code cache with -XX:ReservedCodeCacheSize=
# This output file may be truncated or incomplete.
#
#  Out of Memory Error (allocation.cpp:390), pid=13524, tid=12980
#
# JRE version: Java(TM) SE Runtime Environment (8.0_45-b14) (build 1.8.0_45-b14)
# Java VM: Java HotSpot(TM) 64-Bit Server VM (25.45-b02 mixed mode windows-amd64 compressed oops)
# Failed to write core dump. Minidumps are not enabled by default on client versions of Windows
#

---------------  T H R E A D  ---------------

Current thread (0x0000000016614800):  JavaThread "C2 CompilerThread0" daemon [_thread_in_native, id=12980, stack(0x0000000016d30000,0x0000000016e30000)]

Stack: [0x0000000016d30000,0x0000000016e30000]
Native frames: (J=compiled Java code, j=interpreted, Vv=VM code, C=native code)
V  [jvm.dll+0x32b57a]


Current CompileTask:
C2:   7395 1587       4       com.android.dx.ssa.back.SsaToRop$1::visitBlock (97 bytes)


---------------  P R O C E S S  ---------------

Java Threads: ( => current thread )
  0x00000000168a1000 JavaThread "pool-1-thread-4" [_thread_blocked, id=1656, stack(0x0000000017830000,0x0000000017930000)]
  0x0000000016899000 JavaThread "pool-1-thread-3" [_thread_blocked, id=2684, stack(0x0000000017640000,0x0000000017740000)]
  0x0000000016892800 JavaThread "pool-1-thread-2" [_thread_blocked, id=14188, stack(0x0000000016e80000,0x0000000016f80000)]
  0x000000001688b000 JavaThread "pool-2-thread-1" [_thread_blocked, id=13332, stack(0x0000000017450000,0x0000000017550000)]
  0x0000000016888800 JavaThread "pool-1-thread-1" [_thread_blocked, id=9880, stack(0x0000000017340000,0x0000000017440000)]
  0x000000001661a000 JavaThread "Service Thread" daemon [_thread_blocked, id=5100, stack(0x0000000017010000,0x0000000017110000)]
  0x0000000016617800 JavaThread "C1 CompilerThread2" daemon [_thread_blocked, id=12876, stack(0x00000000163f0000,0x00000000164f0000)]
  0x0000000016616800 JavaThread "C2 CompilerThread1" daemon [_thread_blocked, id=14124, stack(0x0000000016c30000,0x0000000016d30000)]
=>0x0000000016614800 JavaThread "C2 CompilerThread0" daemon [_thread_in_native, id=12980, stack(0x0000000016d30000,0x0000000016e30000)]
  0x0000000015214000 JavaThread "Attach Listener" daemon [_thread_blocked, id=13708, stack(0x0000000016ae0000,0x0000000016be0000)]
  0x0000000015211800 JavaThread "Signal Dispatcher" daemon [_thread_blocked, id=4900, stack(0x0000000016150000,0x0000000016250000)]
  0x00000000151b7800 JavaThread "Finalizer" daemon [_thread_blocked, id=14244, stack(0x0000000016510000,0x0000000016610000)]
  0x00000000151b0800 JavaThread "Reference Handler" daemon [_thread_blocked, id=14328, stack(0x00000000162a0000,0x00000000163a0000)]
  0x00000000003ee800 JavaThread "main" [_thread_blocked, id=12616, stack(0x0000000002380000,0x0000000002480000)]

Other Threads:
  0x00000000151ab000 VMThread [stack: 0x0000000016030000,0x0000000016130000] [id=14292]
  0x000000001661c000 WatcherThread [stack: 0x00000000171e0000,0x00000000172e0000] [id=11700]

VM state:not at safepoint (normal execution)

VM Mutex/Monitor currently owned by a thread: None

Heap:
 PSYoungGen      total 75264K, used 27670K [0x00000000eab00000, 0x00000000eff00000, 0x0000000100000000)
  eden space 64512K, 26% used [0x00000000eab00000,0x00000000ebba8ac8,0x00000000eea00000)
  from space 10752K, 98% used [0x00000000eea00000,0x00000000ef45cf70,0x00000000ef480000)
  to   space 10752K, 0% used [0x00000000ef480000,0x00000000ef480000,0x00000000eff00000)
 ParOldGen       total 172032K, used 16K [0x00000000c0000000, 0x00000000ca800000, 0x00000000eab00000)
  object space 172032K, 0% used [0x00000000c0000000,0x00000000c0004000,0x00000000ca800000)
 Metaspace       used 5993K, capacity 7024K, committed 7296K, reserved 1056768K
  class space    used 580K, capacity 616K, committed 640K, reserved 1048576K

Card table byte_map: [0x0000000011bc0000,0x0000000011dd0000] byte_map_base: 0x00000000115c0000

Marking Bits: (ParMarkBitMap*) 0x00000000701f4040
 Begin Bits: [0x0000000012620000, 0x0000000013620000)
 End Bits:   [0x0000000013620000, 0x0000000014620000)

Polling page: 0x0000000000230000

CodeCache: size=245760Kb used=6662Kb max_used=6668Kb free=239097Kb
 bounds [0x0000000002800000, 0x0000000002e90000, 0x0000000011800000]
 total_blobs=1843 nmethods=1574 adapters=182
 compilation: enabled

Compilation events (10 events):
Event: 7.352 Thread 0x0000000016614800 1587       4       com.android.dx.ssa.back.SsaToRop$1::visitBlock (97 bytes)
Event: 7.358 Thread 0x0000000016616800 nmethod 1588 0x0000000002e72050 code [0x0000000002e721c0, 0x0000000002e725d8]
Event: 7.358 Thread 0x0000000016616800 1585       4       java.util.ArrayList::removeRange (75 bytes)
Event: 7.359 Thread 0x0000000016617800 nmethod 1589 0x0000000002e71cd0 code [0x0000000002e71e20, 0x0000000002e71f70]
Event: 7.361 Thread 0x0000000016616800 nmethod 1585 0x0000000002e6c510 code [0x0000000002e6c660, 0x0000000002e6c7d8]
Event: 7.361 Thread 0x0000000016616800 1584       4       java.util.ArrayList$SubList::removeRange (47 bytes)
Event: 7.365 Thread 0x0000000016616800 nmethod 1584 0x0000000002e73b10 code [0x0000000002e73c60, 0x0000000002e73eb8]
Event: 7.365 Thread 0x0000000016616800 1586       4       com.android.dx.ssa.SsaBasicBlock::scheduleMovesFromPhis (108 bytes)
Event: 7.368 Thread 0x0000000016616800 nmethod 1586 0x0000000002e7ed90 code [0x0000000002e7eee0, 0x0000000002e7f108]
Event: 7.368 Thread 0x0000000016616800 1590       4       com.android.dx.dex.code.RopToDop::dopFor (792 bytes)

GC Heap History (2 events):
Event: 4.348 GC heap before
{Heap before GC invocations=1 (full 0):
 PSYoungGen      total 75264K, used 64512K [0x00000000eab00000, 0x00000000eff00000, 0x0000000100000000)
  eden space 64512K, 100% used [0x00000000eab00000,0x00000000eea00000,0x00000000eea00000)
  from space 10752K, 0% used [0x00000000ef480000,0x00000000ef480000,0x00000000eff00000)
  to   space 10752K, 0% used [0x00000000eea00000,0x00000000eea00000,0x00000000ef480000)
 ParOldGen       total 172032K, used 0K [0x00000000c0000000, 0x00000000ca800000, 0x00000000eab00000)
  object space 172032K, 0% used [0x00000000c0000000,0x00000000c0000000,0x00000000ca800000)
 Metaspace       used 5937K, capacity 7024K, committed 7296K, reserved 1056768K
  class space    used 579K, capacity 616K, committed 640K, reserved 1048576K
Event: 4.746 GC heap after
Heap after GC invocations=1 (full 0):
 PSYoungGen      total 75264K, used 10611K [0x00000000eab00000, 0x00000000eff00000, 0x0000000100000000)
  eden space 64512K, 0% used [0x00000000eab00000,0x00000000eab00000,0x00000000eea00000)
  from space 10752K, 98% used [0x00000000eea00000,0x00000000ef45cf70,0x00000000ef480000)
  to   space 10752K, 0% used [0x00000000ef480000,0x00000000ef480000,0x00000000eff00000)
 ParOldGen       total 172032K, used 16K [0x00000000c0000000, 0x00000000ca800000, 0x00000000eab00000)
  object space 172032K, 0% used [0x00000000c0000000,0x00000000c0004000,0x00000000ca800000)
 Metaspace       used 5937K, capacity 7024K, committed 7296K, reserved 1056768K
  class space    used 579K, capacity 616K, committed 640K, reserved 1048576K
}

Deoptimization events (10 events):
Event: 1.869 Thread 0x0000000016888800 Uncommon trap: reason=class_check action=maybe_recompile pc=0x0000000002aca200 method=com.android.dx.ssa.NormalSsaInsn.accept(Lcom/android/dx/ssa/SsaInsn$Visitor;)V @ 9
Event: 1.869 Thread 0x0000000016888800 Uncommon trap: reason=class_check action=maybe_recompile pc=0x0000000002ac20a0 method=com.android.dx.ssa.NormalSsaInsn.accept(Lcom/android/dx/ssa/SsaInsn$Visitor;)V @ 9
Event: 2.801 Thread 0x0000000016892800 Uncommon trap: reason=unstable_if action=reinterpret pc=0x0000000002aa1564 method=java.util.BitSet.ensureCapacity(I)V @ 6
Event: 2.828 Thread 0x0000000016899000 Uncommon trap: reason=unstable_if action=reinterpret pc=0x0000000002ab2878 method=java.util.HashMap.getNode(ILjava/lang/Object;)Ljava/util/HashMap$Node; @ 129
Event: 2.871 Thread 0x0000000016899000 Uncommon trap: reason=unstable_if action=reinterpret pc=0x0000000002b3818c method=java.util.HashMap.getNode(ILjava/lang/Object;)Ljava/util/HashMap$Node; @ 129
Event: 3.094 Thread 0x00000000168a1000 Uncommon trap: reason=unstable_if action=reinterpret pc=0x0000000002b28ce4 method=java.util.HashMap.getNode(ILjava/lang/Object;)Ljava/util/HashMap$Node; @ 129
Event: 4.012 Thread 0x0000000016892800 Uncommon trap: reason=unstable_if action=reinterpret pc=0x0000000002cc0b94 method=com.android.dx.ssa.SCCP.simulateBranch(Lcom/android/dx/ssa/SsaInsn;)V @ 329
Event: 5.222 Thread 0x00000000003ee800 Uncommon trap: reason=unstable_if action=reinterpret pc=0x0000000002de466c method=com.android.dx.ssa.SCCP.simulateStmt(Lcom/android/dx/ssa/SsaInsn;)V @ 53
Event: 5.222 Thread 0x00000000003ee800 Uncommon trap: reason=class_check action=maybe_recompile pc=0x0000000002e04904 method=com.android.dx.ssa.SCCP.simulateBranch(Lcom/android/dx/ssa/SsaInsn;)V @ 145
Event: 5.225 Thread 0x00000000003ee800 Uncommon trap: reason=class_check action=maybe_recompile pc=0x0000000002e04904 method=com.android.dx.ssa.SCCP.simulateBranch(Lcom/android/dx/ssa/SsaInsn;)V @ 145

Internal exceptions (2 events):
Event: 0.225 Thread 0x00000000003ee800 Exception <a 'java/lang/NoSuchMethodError': Method sun.misc.Unsafe.defineClass(Ljava/lang/String;[BII)Ljava/lang/Class; name or signature does not match> (0x00000000eab0de40) thrown at [C:\re\workspace\8-2-build-windows-amd64-cygwin\jdk8u45\3457\hotspot\sr§WZòÞÌ?
Event: 0.226 Thread 0x00000000003ee800 Exception <a 'java/lang/NoSuchMethodError': Method sun.misc.Unsafe.prefetchRead(Ljava/lang/Object;J)V name or signature does not match> (0x00000000eab0e0d0) thrown at [C:\re\workspace\8-2-build-windows-amd64-cygwin\jdk8u45\3457\hotspot\src\share\vm\prims\j

Events (10 events):
Event: 5.222 Thread 0x00000000003ee800 DEOPT UNPACKING pc=0x000000000284582a sp=0x000000000247e4d8 mode 2
Event: 5.225 Thread 0x00000000003ee800 Uncommon trap: trap_request=0xffffffde fr.pc=0x0000000002e04904
Event: 5.225 Thread 0x00000000003ee800 DEOPT PACKING pc=0x0000000002e04904 sp=0x000000000247e580
Event: 5.225 Thread 0x00000000003ee800 DEOPT UNPACKING pc=0x000000000284582a sp=0x000000000247e548 mode 2
Event: 5.225 Thread 0x00000000003ee800 DEOPT PACKING pc=0x0000000002b53d10 sp=0x000000000247e480
Event: 5.225 Thread 0x00000000003ee800 DEOPT UNPACKING pc=0x000000000284787f sp=0x000000000247e260 mode 0
Event: 5.337 Thread 0x0000000016892800 DEOPT PACKING pc=0x0000000002b53d10 sp=0x0000000016f7ec10
Event: 5.337 Thread 0x0000000016892800 DEOPT UNPACKING pc=0x000000000284787f sp=0x0000000016f7e9f0 mode 0
Event: 5.463 Thread 0x0000000016899000 DEOPT PACKING pc=0x0000000002bdcc78 sp=0x000000001773e850
Event: 5.463 Thread 0x0000000016899000 DEOPT UNPACKING pc=0x000000000284787f sp=0x000000001773e618 mode 0


Dynamic libraries:
0x000000013fc80000 - 0x000000013fcb7000 	C:\Program Files\Java\jdk1.8.0_45\bin\java.exe
0x0000000076df0000 - 0x0000000076f99000 	C:\windows\SYSTEM32\ntdll.dll
0x0000000076cd0000 - 0x0000000076def000 	C:\windows\system32\kernel32.dll
0x000007fefce50000 - 0x000007fefcebc000 	C:\windows\system32\KERNELBASE.dll
0x000007fefddd0000 - 0x000007fefdeab000 	C:\windows\system32\ADVAPI32.dll
0x000007fefe7f0000 - 0x000007fefe88f000 	C:\windows\system32\msvcrt.dll
0x000007fefe3e0000 - 0x000007fefe3ff000 	C:\windows\SYSTEM32\sechost.dll
0x000007fefe690000 - 0x000007fefe7bd000 	C:\windows\system32\RPCRT4.dll
0x0000000076bd0000 - 0x0000000076cca000 	C:\windows\system32\USER32.dll
0x000007fefe890000 - 0x000007fefe8f7000 	C:\windows\system32\GDI32.dll
0x000007fefded0000 - 0x000007fefdede000 	C:\windows\system32\LPK.dll
0x000007fefef90000 - 0x000007feff059000 	C:\windows\system32\USP10.dll
0x000007fefbc00000 - 0x000007fefbdf4000 	C:\windows\WinSxS\amd64_microsoft.windows.common-controls_6595b64144ccf1df_6.0.7601.18837_none_fa3b1e3d17594757\COMCTL32.dll
0x000007fefe090000 - 0x000007fefe101000 	C:\windows\system32\SHLWAPI.dll
0x000007fefe7c0000 - 0x000007fefe7ee000 	C:\windows\system32\IMM32.DLL
0x000007fefdee0000 - 0x000007fefdfe9000 	C:\windows\system32\MSCTF.dll
0x000007fefcb60000 - 0x000007fefcb91000 	C:\Windows\system32\nvinitx.dll
0x0000000050360000 - 0x0000000050432000 	C:\Program Files\Java\jdk1.8.0_45\jre\bin\msvcr100.dll
0x000000006f9f0000 - 0x0000000070273000 	C:\Program Files\Java\jdk1.8.0_45\jre\bin\server\jvm.dll
0x000007fef7fe0000 - 0x000007fef7fe9000 	C:\windows\system32\WSOCK32.dll
0x000007fefdd80000 - 0x000007fefddcd000 	C:\windows\system32\WS2_32.dll
0x000007fefe2f0000 - 0x000007fefe2f8000 	C:\windows\system32\NSI.dll
0x000007fef8f60000 - 0x000007fef8f9b000 	C:\windows\system32\WINMM.dll
0x000007fefb920000 - 0x000007fefb92c000 	C:\windows\system32\VERSION.dll
0x0000000076fb0000 - 0x0000000076fb7000 	C:\windows\system32\PSAPI.DLL
0x0000000073720000 - 0x000000007372f000 	C:\Program Files\Java\jdk1.8.0_45\jre\bin\verify.dll
0x0000000050f20000 - 0x0000000050f49000 	C:\Program Files\Java\jdk1.8.0_45\jre\bin\java.dll
0x0000000071700000 - 0x0000000071716000 	C:\Program Files\Java\jdk1.8.0_45\jre\bin\zip.dll
0x000007fefcff0000 - 0x000007fefdd79000 	C:\windows\system32\SHELL32.dll
0x000007fefe900000 - 0x000007fefeb03000 	C:\windows\system32\ole32.dll
0x000007fefcc30000 - 0x000007fefcc3f000 	C:\windows\system32\profapi.dll

VM Arguments:
jvm_args: -Xmx1024M -Dfile.encoding=windows-1252 -Duser.country=US -Duser.language=en -Duser.variant 
java_command: com.android.dx.command.Main --dex --num-threads=4 --output C:\Users\kclark\AndroidStudioProjects\OTIOTService\app\build\intermediates\pre-dexed\debug\classes-850c1f3b01ffcbc1da9b9bae1b6c6f06699e1365.jar C:\Users\kclark\AndroidStudioProjects\OTIOTService\app\build\intermediates\exploded-aar\com.google.android.gms\play-services-analytics\7.5.0\jars\classes.jar
java_class_path (initial): C:\Users\kclark\AppData\Local\Android\sdk1\build-tools\23.0.0\lib\dx.jar
Launcher Type: SUN_STANDARD

Environment Variables:
JAVA_HOME=C:\Program Files\Java\jdk1.8.0_45
PATH=C:\Program Files\Common Files\Microsoft Shared\Windows Live;C:\Program Files (x86)\Common Files\Microsoft Shared\Windows Live;C:\ProgramData\Oracle\Java\javapath;C:\PROGRAM FILES (X86)\INTEL\ICLS CLIENT\;C:\PROGRAM FILES\INTEL\ICLS CLIENT\;C:\windows\SYSTEM32;C:\windows;C:\windows\SYSTEM32\WBEM;C:\windows\SYSTEM32\WINDOWSPOWERSHELL\V1.0\;;C:\PROGRAM FILES (X86)\INTEL\OPENCL SDK\2.0\BIN\X86;C:\PROGRAM FILES (X86)\INTEL\OPENCL SDK\2.0\BIN\X64;C:\PROGRAM FILES\INTEL\INTEL(R) MANAGEMENT ENGINE COMPONENTS\DAL;C:\PROGRAM FILES\INTEL\INTEL(R) MANAGEMENT ENGINE COMPONENTS\IPT;C:\PROGRAM FILES (X86)\INTEL\INTEL(R) MANAGEMENT ENGINE COMPONENTS\DAL;C:\PROGRAM FILES (X86)\INTEL\INTEL(R) MANAGEMENT ENGINE COMPONENTS\IPT;C:\Program Files\ThinkPad\Bluetooth Software\;C:\Program Files\ThinkPad\Bluetooth Software\syswow64;C:\Program Files\Intel\Intel(R) Management Engine Components\DAL;C:\Program Files\Intel\Intel(R) Management Engine Components\IPT;C:\Program Files (x86)\Intel\Intel(R) Management Engine Components\DAL;C:\Program Files (x86)\Intel\Intel(R) Management Engine Components\IPT;C:\Program Files\Intel\WiFi\bin\;C:\Program Files\Common Files\Intel\WirelessCommon\;C:\Program Files (x86)\Shoreline Communications\ShoreWare Client\;C:\Program Files (x86)\Intel\OpenCL SDK\3.0\bin\x86;C:\Program Files (x86)\Intel\OpenCL SDK\3.0\bin\x64;C:\Program Files (x86)\Skype\Phone\;C:\Program Files (x86)\MySQL\MySQL Fabric 1.5.4 & MySQL Utilities 1.5.4 1.5\;C:\Program Files (x86)\MySQL\MySQL Fabric 1.5.4 & MySQL Utilities 1.5.4 1.5\Doctrine extensions for PHP\;C:\Program Files\cURL\bin;C:\Program Files\nodejs\;C:\Program Files (x86)\Windows Live\Shared;%JAVA_HOME%;%JAVA_HOME%\bin;C:\Program Files (x86)\GnuWin32\bin;C:\Program Files\Intel\WiFi\bin\;C:\Program Files\Common Files\Intel\WirelessCommon\;C:\Users\kclark\AppData\Roaming\npm;C:\Program Files (x86)\Nmap;C:\Program Files\Java\jdk1.8.0_45;C:\Program Files\Java\jdk1.8.0_45\bin
USERNAME=kclark
OS=Windows_NT
PROCESSOR_IDENTIFIER=Intel64 Family 6 Model 58 Stepping 9, GenuineIntel



---------------  S Y S T E M  ---------------

OS: Windows 7 , 64 bit Build 7601 (6.1.7601.18933)

CPU:total 4 (2 cores per cpu, 2 threads per core) family 6 model 58 stepping 9, cmov, cx8, fxsr, mmx, sse, sse2, sse3, ssse3, sse4.1, sse4.2, popcnt, avx, aes, clmul, erms, ht, tsc, tscinvbit, tscinv

Memory: 4k page, physical 16466732k(4425604k free), swap 17513468k(5128k free)

vm_info: Java HotSpot(TM) 64-Bit Server VM (25.45-b02) for windows-amd64 JRE (1.8.0_45-b14), built on Apr 10 2015 10:34:15 by "java_re" with MS VC++ 10.0 (VS2010)

time: Mon Sep 07 17:25:41 2015
elapsed time: 7 seconds (0d 0h 0m 7s)

