#
# There is insufficient memory for the Java Runtime Environment to continue.
# Native memory allocation (malloc) failed to allocate 917216 bytes for Chunk::new
# Possible reasons:
#   The system is out of physical RAM or swap space
#   In 32 bit mode, the process size limit was hit
# Possible solutions:
#   Reduce memory load on the system
#   Increase physical memory or swap space
#   Check if swap backing store is full
#   Use 64 bit Java on a 64 bit OS
#   Decrease Java heap size (-Xmx/-Xms)
#   Decrease number of Java threads
#   Decrease Java thread stack sizes (-Xss)
#   Set larger code cache with -XX:ReservedCodeCacheSize=
# This output file may be truncated or incomplete.
#
#  Out of Memory Error (allocation.cpp:390), pid=14144, tid=13508
#
# JRE version: Java(TM) SE Runtime Environment (8.0_45-b14) (build 1.8.0_45-b14)
# Java VM: Java HotSpot(TM) 64-Bit Server VM (25.45-b02 mixed mode windows-amd64 compressed oops)
# Failed to write core dump. Minidumps are not enabled by default on client versions of Windows
#

---------------  T H R E A D  ---------------

Current thread (0x00000000150eb800):  JavaThread "C2 CompilerThread1" daemon [_thread_in_native, id=13508, stack(0x00000000169f0000,0x0000000016af0000)]

Stack: [0x00000000169f0000,0x0000000016af0000]
Native frames: (J=compiled Java code, j=interpreted, Vv=VM code, C=native code)
V  [jvm.dll+0x32b57a]
V  [jvm.dll+0x279873]
V  [jvm.dll+0x27a509]
V  [jvm.dll+0x271825]
V  [jvm.dll+0xcb9e2]
V  [jvm.dll+0xcbeac]
V  [jvm.dll+0x476ef2]
V  [jvm.dll+0x4b955f]
V  [jvm.dll+0x46bc14]
V  [jvm.dll+0x46ccbe]
V  [jvm.dll+0x4500f2]
V  [jvm.dll+0xa4352]
V  [jvm.dll+0xa4c8f]
V  [jvm.dll+0x241984]
V  [jvm.dll+0x29853a]
C  [msvcr100.dll+0x21d9f]
C  [msvcr100.dll+0x21e3b]
C  [kernel32.dll+0x15a4d]
C  [ntdll.dll+0x2b831]


Current CompileTask:
C2:   6795 1472       4       com.android.dx.ssa.SCCP::simulateBranch (666 bytes)


---------------  P R O C E S S  ---------------

Java Threads: ( => current thread )
  0x0000000016e09800 JavaThread "pool-1-thread-4" [_thread_blocked, id=13116, stack(0x00000000177f0000,0x00000000178f0000)]
  0x0000000016deb000 JavaThread "pool-1-thread-3" [_thread_in_Java, id=12576, stack(0x0000000017520000,0x0000000017620000)]
  0x0000000016dea800 JavaThread "pool-1-thread-2" [_thread_in_Java, id=13376, stack(0x0000000017660000,0x0000000017760000)]
  0x0000000016de5800 JavaThread "pool-2-thread-1" [_thread_blocked, id=12556, stack(0x00000000173e0000,0x00000000174e0000)]
  0x0000000016de1800 JavaThread "pool-1-thread-1" [_thread_blocked, id=14000, stack(0x0000000017250000,0x0000000017350000)]
  0x00000000150ef000 JavaThread "Service Thread" daemon [_thread_blocked, id=13152, stack(0x00000000170f0000,0x00000000171f0000)]
  0x00000000150ec800 JavaThread "C1 CompilerThread2" daemon [_thread_blocked, id=13204, stack(0x0000000016b40000,0x0000000016c40000)]
=>0x00000000150eb800 JavaThread "C2 CompilerThread1" daemon [_thread_in_native, id=13508, stack(0x00000000169f0000,0x0000000016af0000)]
  0x00000000150e9800 JavaThread "C2 CompilerThread0" daemon [_thread_in_native, id=13532, stack(0x0000000016510000,0x0000000016610000)]
  0x00000000150e4000 JavaThread "Attach Listener" daemon [_thread_blocked, id=11844, stack(0x0000000016880000,0x0000000016980000)]
  0x00000000150e1800 JavaThread "Signal Dispatcher" daemon [_thread_blocked, id=12932, stack(0x0000000016650000,0x0000000016750000)]
  0x0000000015082000 JavaThread "Finalizer" daemon [_thread_blocked, id=5408, stack(0x00000000163f0000,0x00000000164f0000)]
  0x0000000015080800 JavaThread "Reference Handler" daemon [_thread_blocked, id=13564, stack(0x00000000162c0000,0x00000000163c0000)]
  0x00000000004ce800 JavaThread "main" [_thread_in_Java, id=7048, stack(0x00000000024d0000,0x00000000025d0000)]

Other Threads:
  0x000000001507b000 VMThread [stack: 0x0000000016130000,0x0000000016230000] [id=12364]
  0x0000000016c41000 WatcherThread [stack: 0x0000000016760000,0x0000000016860000] [id=13488]

VM state:not at safepoint (normal execution)

VM Mutex/Monitor currently owned by a thread: None

Heap:
 PSYoungGen      total 75264K, used 64512K [0x00000000eab00000, 0x00000000eff00000, 0x0000000100000000)
  eden space 64512K, 100% used [0x00000000eab00000,0x00000000eea00000,0x00000000eea00000)
  from space 10752K, 0% used [0x00000000ef480000,0x00000000ef480000,0x00000000eff00000)
  to   space 10752K, 0% used [0x00000000eea00000,0x00000000eea00000,0x00000000ef480000)
 ParOldGen       total 172032K, used 0K [0x00000000c0000000, 0x00000000ca800000, 0x00000000eab00000)
  object space 172032K, 0% used [0x00000000c0000000,0x00000000c0000000,0x00000000ca800000)
 Metaspace       used 5990K, capacity 7088K, committed 7296K, reserved 1056768K
  class space    used 580K, capacity 616K, committed 640K, reserved 1048576K

Card table byte_map: [0x0000000011c60000,0x0000000011e70000] byte_map_base: 0x0000000011660000

Marking Bits: (ParMarkBitMap*) 0x00000000701f4040
 Begin Bits: [0x00000000124f0000, 0x00000000134f0000)
 End Bits:   [0x00000000134f0000, 0x00000000144f0000)

Polling page: 0x0000000000430000

CodeCache: size=245760Kb used=6293Kb max_used=6293Kb free=239466Kb
 bounds [0x00000000028a0000, 0x0000000002ed0000, 0x00000000118a0000]
 total_blobs=1777 nmethods=1507 adapters=182
 compilation: enabled

Compilation events (10 events):
Event: 6.689 Thread 0x00000000150ec800 1510       1       com.android.dx.cf.direct.DirectClassFile$DcfTypeList::isMutable (2 bytes)
Event: 6.690 Thread 0x00000000150ec800 nmethod 1510 0x0000000002eb7e90 code [0x0000000002eb7fe0, 0x0000000002eb80f0]
Event: 6.690 Thread 0x00000000150ec800 1511       3       com.android.dx.cf.attrib.InnerClassList$Item::<init> (40 bytes)
Event: 6.690 Thread 0x00000000150ec800 nmethod 1511 0x0000000002ebd950 code [0x0000000002ebdac0, 0x0000000002ebdda8]
Event: 6.690 Thread 0x00000000150ec800 1512       1       com.android.dx.cf.attrib.AttConstantValue::getConstantValue (5 bytes)
Event: 6.690 Thread 0x00000000150ec800 nmethod 1512 0x0000000002ebded0 code [0x0000000002ebe020, 0x0000000002ebe130]
Event: 6.698 Thread 0x00000000150e9800 nmethod 1286 0x0000000002ebe190 code [0x0000000002ebe640, 0x0000000002ec25b0]
Event: 6.699 Thread 0x00000000150e9800 1505       4       com.android.dx.ssa.back.LivenessAnalyzer::run (231 bytes)
Event: 6.717 Thread 0x00000000150ec800 1514       3       com.android.dx.dex.file.AnnotationUtils::makeSignature (251 bytes)
Event: 6.720 Thread 0x00000000150ec800 nmethod 1514 0x0000000002eb8c90 code [0x0000000002eb90e0, 0x0000000002ebbaa8]

GC Heap History (0 events):
No events

Deoptimization events (10 events):
Event: 5.585 Thread 0x0000000016de1800 Uncommon trap: reason=class_check action=maybe_recompile pc=0x0000000002bd76b8 method=com.android.dx.ssa.NormalSsaInsn.accept(Lcom/android/dx/ssa/SsaInsn$Visitor;)V @ 9
Event: 5.585 Thread 0x0000000016de1800 Uncommon trap: reason=class_check action=maybe_recompile pc=0x0000000002a8d5e0 method=com.android.dx.ssa.NormalSsaInsn.accept(Lcom/android/dx/ssa/SsaInsn$Visitor;)V @ 9
Event: 5.585 Thread 0x0000000016de1800 Uncommon trap: reason=class_check action=maybe_recompile pc=0x0000000002a8d5e0 method=com.android.dx.ssa.NormalSsaInsn.accept(Lcom/android/dx/ssa/SsaInsn$Visitor;)V @ 9
Event: 5.585 Thread 0x0000000016de1800 Uncommon trap: reason=class_check action=maybe_recompile pc=0x0000000002a8d5e0 method=com.android.dx.ssa.NormalSsaInsn.accept(Lcom/android/dx/ssa/SsaInsn$Visitor;)V @ 9
Event: 6.227 Thread 0x00000000004ce800 Uncommon trap: reason=class_check action=maybe_recompile pc=0x0000000002bd76b8 method=com.android.dx.ssa.NormalSsaInsn.accept(Lcom/android/dx/ssa/SsaInsn$Visitor;)V @ 9
Event: 6.448 Thread 0x00000000004ce800 Uncommon trap: reason=uninitialized action=reinterpret pc=0x0000000002e0e324 method=com.android.dx.cf.code.BytecodeArray.parseInstruction(ILcom/android/dx/cf/code/BytecodeArray$Visitor;)I @ 999
Event: 6.483 Thread 0x00000000004ce800 Uncommon trap: reason=null_check action=make_not_entrant pc=0x0000000002b9ab50 method=com.android.dx.rop.type.Type.equals(Ljava/lang/Object;)Z @ 8
Event: 6.487 Thread 0x00000000004ce800 Uncommon trap: reason=unstable_if action=reinterpret pc=0x0000000002c5590c method=com.android.dx.ssa.SsaMethod.updateOneDefinition(Lcom/android/dx/ssa/SsaInsn;Lcom/android/dx/rop/code/RegisterSpec;)V @ 4
Event: 6.635 Thread 0x00000000004ce800 Uncommon trap: reason=bimorphic action=maybe_recompile pc=0x0000000002aa2614 method=java.util.HashMap.getNode(ILjava/lang/Object;)Ljava/util/HashMap$Node; @ 126
Event: 6.635 Thread 0x00000000004ce800 Uncommon trap: reason=class_check action=maybe_recompile pc=0x0000000002cf0640 method=java.util.HashMap.putVal(ILjava/lang/Object;Ljava/lang/Object;ZZ)Ljava/lang/Object; @ 203

Internal exceptions (3 events):
Event: 1.458 Thread 0x00000000004ce800 Exception <a 'java/lang/NoSuchMethodError': Method sun.misc.Unsafe.defineClass(Ljava/lang/String;[BII)Ljava/lang/Class; name or signature does not match> (0x00000000eab0dfb8) thrown at [C:\re\workspace\8-2-build-windows-amd64-cygwin\jdk8u45\3457\hotspot\srßA©„U÷?
Event: 1.458 Thread 0x00000000004ce800 Exception <a 'java/lang/NoSuchMethodError': Method sun.misc.Unsafe.prefetchRead(Ljava/lang/Object;J)V name or signature does not match> (0x00000000eab0e248) thrown at [C:\re\workspace\8-2-build-windows-amd64-cygwin\jdk8u45\3457\hotspot\src\share\vm\prims\j®l
Event: 6.483 Thread 0x00000000004ce800 Implicit null exception at 0x0000000002b9aa52 to 0x0000000002b9ab42

Events (10 events):
Event: 6.483 Thread 0x00000000004ce800 DEOPT UNPACKING pc=0x00000000028e582a sp=0x00000000025ce328 mode 2
Event: 6.487 Thread 0x00000000004ce800 Uncommon trap: trap_request=0xffffff65 fr.pc=0x0000000002c5590c
Event: 6.487 Thread 0x00000000004ce800 DEOPT PACKING pc=0x0000000002c5590c sp=0x00000000025ce490
Event: 6.487 Thread 0x00000000004ce800 DEOPT UNPACKING pc=0x00000000028e582a sp=0x00000000025ce438 mode 2
Event: 6.635 Thread 0x00000000004ce800 Uncommon trap: trap_request=0xffffffc6 fr.pc=0x0000000002aa2614
Event: 6.635 Thread 0x00000000004ce800 DEOPT PACKING pc=0x0000000002aa2614 sp=0x00000000025ce530
Event: 6.635 Thread 0x00000000004ce800 DEOPT UNPACKING pc=0x00000000028e582a sp=0x00000000025ce4b0 mode 2
Event: 6.635 Thread 0x00000000004ce800 Uncommon trap: trap_request=0xffffffde fr.pc=0x0000000002cf0640
Event: 6.635 Thread 0x00000000004ce800 DEOPT PACKING pc=0x0000000002cf0640 sp=0x00000000025ce500
Event: 6.635 Thread 0x00000000004ce800 DEOPT UNPACKING pc=0x00000000028e582a sp=0x00000000025ce488 mode 2


Dynamic libraries:
0x000000013fc80000 - 0x000000013fcb7000 	C:\Program Files\Java\jdk1.8.0_45\bin\java.exe
0x0000000076df0000 - 0x0000000076f99000 	C:\windows\SYSTEM32\ntdll.dll
0x0000000076cd0000 - 0x0000000076def000 	C:\windows\system32\kernel32.dll
0x000007fefce50000 - 0x000007fefcebc000 	C:\windows\system32\KERNELBASE.dll
0x000007fefddd0000 - 0x000007fefdeab000 	C:\windows\system32\ADVAPI32.dll
0x000007fefe7f0000 - 0x000007fefe88f000 	C:\windows\system32\msvcrt.dll
0x000007fefe3e0000 - 0x000007fefe3ff000 	C:\windows\SYSTEM32\sechost.dll
0x000007fefe690000 - 0x000007fefe7bd000 	C:\windows\system32\RPCRT4.dll
0x0000000076bd0000 - 0x0000000076cca000 	C:\windows\system32\USER32.dll
0x000007fefe890000 - 0x000007fefe8f7000 	C:\windows\system32\GDI32.dll
0x000007fefded0000 - 0x000007fefdede000 	C:\windows\system32\LPK.dll
0x000007fefef90000 - 0x000007feff059000 	C:\windows\system32\USP10.dll
0x000007fefbc00000 - 0x000007fefbdf4000 	C:\windows\WinSxS\amd64_microsoft.windows.common-controls_6595b64144ccf1df_6.0.7601.18837_none_fa3b1e3d17594757\COMCTL32.dll
0x000007fefe090000 - 0x000007fefe101000 	C:\windows\system32\SHLWAPI.dll
0x000007fefe7c0000 - 0x000007fefe7ee000 	C:\windows\system32\IMM32.DLL
0x000007fefdee0000 - 0x000007fefdfe9000 	C:\windows\system32\MSCTF.dll
0x000007fefcb60000 - 0x000007fefcb91000 	C:\Windows\system32\nvinitx.dll
0x0000000050360000 - 0x0000000050432000 	C:\Program Files\Java\jdk1.8.0_45\jre\bin\msvcr100.dll
0x000000006f9f0000 - 0x0000000070273000 	C:\Program Files\Java\jdk1.8.0_45\jre\bin\server\jvm.dll
0x000007fef7fe0000 - 0x000007fef7fe9000 	C:\windows\system32\WSOCK32.dll
0x000007fefdd80000 - 0x000007fefddcd000 	C:\windows\system32\WS2_32.dll
0x000007fefe2f0000 - 0x000007fefe2f8000 	C:\windows\system32\NSI.dll
0x000007fef8f60000 - 0x000007fef8f9b000 	C:\windows\system32\WINMM.dll
0x000007fefb920000 - 0x000007fefb92c000 	C:\windows\system32\VERSION.dll
0x0000000076fb0000 - 0x0000000076fb7000 	C:\windows\system32\PSAPI.DLL
0x0000000073720000 - 0x000000007372f000 	C:\Program Files\Java\jdk1.8.0_45\jre\bin\verify.dll
0x0000000050f20000 - 0x0000000050f49000 	C:\Program Files\Java\jdk1.8.0_45\jre\bin\java.dll
0x0000000071700000 - 0x0000000071716000 	C:\Program Files\Java\jdk1.8.0_45\jre\bin\zip.dll
0x000007fefcff0000 - 0x000007fefdd79000 	C:\windows\system32\SHELL32.dll
0x000007fefe900000 - 0x000007fefeb03000 	C:\windows\system32\ole32.dll
0x000007fefcc30000 - 0x000007fefcc3f000 	C:\windows\system32\profapi.dll
0x000007fef2ac0000 - 0x000007fef2be5000 	C:\windows\system32\dbghelp.dll

VM Arguments:
jvm_args: -Xmx1024M -Dfile.encoding=windows-1252 -Duser.country=US -Duser.language=en -Duser.variant 
java_command: com.android.dx.command.Main --dex --num-threads=4 --output C:\Users\kclark\AndroidStudioProjects\OTIOTService\app\build\intermediates\pre-dexed\debug\classes-28899790690fa06fa615187c29ecf3f50f67aa2d.jar C:\Users\kclark\AndroidStudioProjects\OTIOTService\app\build\intermediates\exploded-aar\com.google.android.gms\play-services-cast\7.5.0\jars\classes.jar
java_class_path (initial): C:\Users\kclark\AppData\Local\Android\sdk1\build-tools\23.0.0\lib\dx.jar
Launcher Type: SUN_STANDARD

Environment Variables:
JAVA_HOME=C:\Program Files\Java\jdk1.8.0_45
PATH=C:\Program Files\Common Files\Microsoft Shared\Windows Live;C:\Program Files (x86)\Common Files\Microsoft Shared\Windows Live;C:\ProgramData\Oracle\Java\javapath;C:\PROGRAM FILES (X86)\INTEL\ICLS CLIENT\;C:\PROGRAM FILES\INTEL\ICLS CLIENT\;C:\windows\SYSTEM32;C:\windows;C:\windows\SYSTEM32\WBEM;C:\windows\SYSTEM32\WINDOWSPOWERSHELL\V1.0\;;C:\PROGRAM FILES (X86)\INTEL\OPENCL SDK\2.0\BIN\X86;C:\PROGRAM FILES (X86)\INTEL\OPENCL SDK\2.0\BIN\X64;C:\PROGRAM FILES\INTEL\INTEL(R) MANAGEMENT ENGINE COMPONENTS\DAL;C:\PROGRAM FILES\INTEL\INTEL(R) MANAGEMENT ENGINE COMPONENTS\IPT;C:\PROGRAM FILES (X86)\INTEL\INTEL(R) MANAGEMENT ENGINE COMPONENTS\DAL;C:\PROGRAM FILES (X86)\INTEL\INTEL(R) MANAGEMENT ENGINE COMPONENTS\IPT;C:\Program Files\ThinkPad\Bluetooth Software\;C:\Program Files\ThinkPad\Bluetooth Software\syswow64;C:\Program Files\Intel\Intel(R) Management Engine Components\DAL;C:\Program Files\Intel\Intel(R) Management Engine Components\IPT;C:\Program Files (x86)\Intel\Intel(R) Management Engine Components\DAL;C:\Program Files (x86)\Intel\Intel(R) Management Engine Components\IPT;C:\Program Files\Intel\WiFi\bin\;C:\Program Files\Common Files\Intel\WirelessCommon\;C:\Program Files (x86)\Shoreline Communications\ShoreWare Client\;C:\Program Files (x86)\Intel\OpenCL SDK\3.0\bin\x86;C:\Program Files (x86)\Intel\OpenCL SDK\3.0\bin\x64;C:\Program Files (x86)\Skype\Phone\;C:\Program Files (x86)\MySQL\MySQL Fabric 1.5.4 & MySQL Utilities 1.5.4 1.5\;C:\Program Files (x86)\MySQL\MySQL Fabric 1.5.4 & MySQL Utilities 1.5.4 1.5\Doctrine extensions for PHP\;C:\Program Files\cURL\bin;C:\Program Files\nodejs\;C:\Program Files (x86)\Windows Live\Shared;%JAVA_HOME%;%JAVA_HOME%\bin;C:\Program Files (x86)\GnuWin32\bin;C:\Program Files\Intel\WiFi\bin\;C:\Program Files\Common Files\Intel\WirelessCommon\;C:\Users\kclark\AppData\Roaming\npm;C:\Program Files (x86)\Nmap;C:\Program Files\Java\jdk1.8.0_45;C:\Program Files\Java\jdk1.8.0_45\bin
USERNAME=kclark
OS=Windows_NT
PROCESSOR_IDENTIFIER=Intel64 Family 6 Model 58 Stepping 9, GenuineIntel



---------------  S Y S T E M  ---------------

OS: Windows 7 , 64 bit Build 7601 (6.1.7601.18933)

CPU:total 4 (2 cores per cpu, 2 threads per core) family 6 model 58 stepping 9, cmov, cx8, fxsr, mmx, sse, sse2, sse3, ssse3, sse4.1, sse4.2, popcnt, avx, aes, clmul, erms, ht, tsc, tscinvbit, tscinv

Memory: 4k page, physical 16466732k(4420972k free), swap 17513468k(4796k free)

vm_info: Java HotSpot(TM) 64-Bit Server VM (25.45-b02) for windows-amd64 JRE (1.8.0_45-b14), built on Apr 10 2015 10:34:15 by "java_re" with MS VC++ 10.0 (VS2010)

time: Mon Sep 07 17:25:41 2015
elapsed time: 6 seconds (0d 0h 0m 6s)

